 Ge all electron calculation  
 ---------------------------

 r e l a t i v i s t i c ! !

 correlation = BLYP         non spin-polarized

 nuclear charge             = 32.000000
 number of core orbitals    =  9
 number of valence orbitals = 22
 electronic charge          = 32.000000
 ionic charge               =  0.000000


 input data for orbitals

  i    n    l    s     j     occ

  1    1    0   0.5   0.5    2.0000
  2    2    0   0.5   0.5    2.0000
  3    2    1  -0.5   0.5    2.0000
  4    2    1   0.5   1.5    4.0000
  5    3    0   0.5   0.5    2.0000
  6    3    1  -0.5   0.5    2.0000
  7    3    1   0.5   1.5    4.0000
  8    3    2  -0.5   1.5    4.0000
  9    3    2   0.5   2.5    6.0000
 10    4    0   0.5   0.5    2.0000
 11    5    0   0.5   0.5    0.0000
 12    6    0   0.5   0.5    0.0000
 13    7    0   0.5   0.5    0.0000
 14    4    1  -0.5   0.5    0.6667
 15    4    1   0.5   1.5    1.3333
 16    5    1  -0.5   0.5    0.0000
 17    5    1   0.5   1.5    0.0000
 18    6    1  -0.5   0.5    0.0000
 19    6    1   0.5   1.5    0.0000
 20    7    1  -0.5   0.5    0.0000
 21    7    1   0.5   1.5    0.0000
 22    4    2  -0.5   1.5    0.0000
 23    4    2   0.5   2.5    0.0000
 24    5    2  -0.5   1.5    0.0000
 25    5    2   0.5   2.5    0.0000
 26    6    2  -0.5   1.5    0.0000
 27    6    2   0.5   2.5    0.0000
 28    4    3  -0.5   2.5    0.0000
 29    4    3   0.5   3.5    0.0000
 30    5    3  -0.5   2.5    0.0000
 31    5    3   0.5   3.5    0.0000


 radial grid parameters

 r(1) = .0 , r(2) =0.203796E-07 , ... , r(1169) = 24.98626849
 a = 10.00165191  b = 70.00000000


 warning *** charge density rescaled in velect
 iteration number   1   scaling factor =  1.00    

 iter =  1 dvmax =0.399E+00 xmixo =0.273E+00
 iter =  2 dvmax =0.287E+00 xmixo =0.273E+00
 iter =  3 dvmax =0.189E+00 xmixo =0.273E+00
 iter =  4 dvmax =0.118E+00 xmixo =0.273E+00
 iter =  5 dvmax =0.703E-01 xmixo =0.273E+00
 iter =  6 dvmax =0.412E-01 xmixo =0.273E+00
 iter =  7 dvmax =0.249E-01 xmixo =0.273E+00
 iter =  8 dvmax =0.159E-01 xmixo =0.273E+00
 iter =  9 dvmax =0.107E-01 xmixo =0.273E+00
 iter = 10 dvmax =0.731E-02 xmixo =0.273E+00
 iter = 11 dvmax =0.507E-02 xmixo =0.273E+00
 iter = 12 dvmax =0.353E-02 xmixo =0.273E+00
 iter = 13 dvmax =0.246E-02 xmixo =0.273E+00
 iter = 14 dvmax =0.172E-02 xmixo =0.273E+00
 iter = 15 dvmax =0.121E-02 xmixo =0.273E+00
 iter = 16 dvmax =0.844E-03 xmixo =0.273E+00
 iter = 17 dvmax =0.592E-03 xmixo =0.273E+00
 iter = 18 dvmax =0.415E-03 xmixo =0.273E+00
 iter = 19 dvmax =0.291E-03 xmixo =0.273E+00
 iter = 20 dvmax =0.204E-03 xmixo =0.273E+00
 iter = 21 dvmax =0.144E-03 xmixo =0.273E+00
 iter = 22 dvmax =0.101E-03 xmixo =0.273E+00
 iter = 23 dvmax =0.710E-04 xmixo =0.273E+00
 iter = 24 dvmax =0.500E-04 xmixo =0.273E+00
 iter = 25 dvmax =0.352E-04 xmixo =0.273E+00
 iter = 26 dvmax =0.248E-04 xmixo =0.273E+00
 iter = 27 dvmax =0.175E-04 xmixo =0.273E+00
 iter = 28 dvmax =0.123E-04 xmixo =0.273E+00
 iter = 29 dvmax =0.870E-05 xmixo =0.273E+00
 Switching from PADE to the requested functional
 iter = 30 dvmax =0.893E+02 xmixo =0.218E+00
 iter = 31 dvmax =0.707E+02 xmixo =0.218E+00
 iter = 32 dvmax =0.556E+02 xmixo =0.218E+00
 iter = 33 dvmax =0.436E+02 xmixo =0.218E+00
 iter = 34 dvmax =0.342E+02 xmixo =0.218E+00
 iter = 35 dvmax =0.267E+02 xmixo =0.218E+00
 iter = 36 dvmax =0.209E+02 xmixo =0.218E+00
 iter = 37 dvmax =0.163E+02 xmixo =0.218E+00
 iter = 38 dvmax =0.128E+02 xmixo =0.218E+00
 iter = 39 dvmax =0.998E+01 xmixo =0.218E+00
 iter = 40 dvmax =0.780E+01 xmixo =0.218E+00
 iter = 41 dvmax =0.610E+01 xmixo =0.218E+00
 iter = 42 dvmax =0.476E+01 xmixo =0.218E+00
 iter = 43 dvmax =0.372E+01 xmixo =0.218E+00
 iter = 44 dvmax =0.291E+01 xmixo =0.218E+00
 iter = 45 dvmax =0.227E+01 xmixo =0.218E+00
 iter = 46 dvmax =0.178E+01 xmixo =0.218E+00
 iter = 47 dvmax =0.139E+01 xmixo =0.218E+00
 iter = 48 dvmax =0.109E+01 xmixo =0.218E+00
 iter = 49 dvmax =0.849E+00 xmixo =0.218E+00
 iter = 50 dvmax =0.663E+00 xmixo =0.218E+00
 iter = 51 dvmax =0.519E+00 xmixo =0.218E+00
 iter = 52 dvmax =0.405E+00 xmixo =0.218E+00
 iter = 53 dvmax =0.317E+00 xmixo =0.218E+00
 iter = 54 dvmax =0.248E+00 xmixo =0.218E+00
 iter = 55 dvmax =0.194E+00 xmixo =0.218E+00
 iter = 56 dvmax =0.151E+00 xmixo =0.218E+00
 iter = 57 dvmax =0.118E+00 xmixo =0.218E+00
 iter = 58 dvmax =0.925E-01 xmixo =0.218E+00
 iter = 59 dvmax =0.723E-01 xmixo =0.218E+00
 iter = 60 dvmax =0.565E-01 xmixo =0.218E+00
 iter = 61 dvmax =0.442E-01 xmixo =0.218E+00
 iter = 62 dvmax =0.345E-01 xmixo =0.218E+00
 iter = 63 dvmax =0.270E-01 xmixo =0.218E+00
 iter = 64 dvmax =0.211E-01 xmixo =0.218E+00
 iter = 65 dvmax =0.165E-01 xmixo =0.218E+00
 iter = 66 dvmax =0.129E-01 xmixo =0.218E+00
 iter = 67 dvmax =0.101E-01 xmixo =0.218E+00
 iter = 68 dvmax =0.788E-02 xmixo =0.218E+00
 iter = 69 dvmax =0.616E-02 xmixo =0.218E+00
 iter = 70 dvmax =0.481E-02 xmixo =0.218E+00
 iter = 71 dvmax =0.383E-02 xmixo =0.218E+00
 iter = 72 dvmax =0.310E-02 xmixo =0.218E+00
 iter = 73 dvmax =0.250E-02 xmixo =0.218E+00
 iter = 74 dvmax =0.202E-02 xmixo =0.218E+00
 iter = 75 dvmax =0.163E-02 xmixo =0.218E+00
 iter = 76 dvmax =0.131E-02 xmixo =0.218E+00
 iter = 77 dvmax =0.106E-02 xmixo =0.218E+00
 iter = 78 dvmax =0.853E-03 xmixo =0.218E+00
 iter = 79 dvmax =0.687E-03 xmixo =0.218E+00
 iter = 80 dvmax =0.553E-03 xmixo =0.218E+00
 iter = 81 dvmax =0.445E-03 xmixo =0.218E+00
 iter = 82 dvmax =0.358E-03 xmixo =0.218E+00
 iter = 83 dvmax =0.287E-03 xmixo =0.218E+00
 iter = 84 dvmax =0.231E-03 xmixo =0.218E+00
 iter = 85 dvmax =0.185E-03 xmixo =0.218E+00
 iter = 86 dvmax =0.149E-03 xmixo =0.218E+00
 iter = 87 dvmax =0.119E-03 xmixo =0.218E+00
 iter = 88 dvmax =0.959E-04 xmixo =0.218E+00
 iter = 89 dvmax =0.769E-04 xmixo =0.218E+00
 iter = 90 dvmax =0.617E-04 xmixo =0.218E+00
 iter = 91 dvmax =0.494E-04 xmixo =0.218E+00
 iter = 92 dvmax =0.396E-04 xmixo =0.218E+00
 iter = 93 dvmax =0.317E-04 xmixo =0.218E+00
 iter = 94 dvmax =0.254E-04 xmixo =0.218E+00
 iter = 95 dvmax =0.204E-04 xmixo =0.218E+00
 iter = 96 dvmax =0.163E-04 xmixo =0.218E+00
 iter = 97 dvmax =0.130E-04 xmixo =0.218E+00
 iter = 98 dvmax =0.104E-04 xmixo =0.218E+00
 iter = 99 dvmax =0.835E-05 xmixo =0.218E+00
 iter =100 dvmax =0.668E-05 xmixo =0.218E+00
 iter =101 dvmax =0.534E-05 xmixo =0.218E+00
 iter =102 dvmax =0.427E-05 xmixo =0.218E+00
 iter =103 dvmax =0.342E-05 xmixo =0.218E+00
 iter =104 dvmax =0.273E-05 xmixo =0.218E+00
 iter =105 dvmax =0.218E-05 xmixo =0.218E+00
 iter =106 dvmax =0.174E-05 xmixo =0.218E+00
 iter =107 dvmax =0.139E-05 xmixo =0.218E+00
 iter =108 dvmax =0.111E-05 xmixo =0.218E+00
 iter =109 dvmax =0.889E-06 xmixo =0.218E+00
 iter =110 dvmax =0.710E-06 xmixo =0.218E+00
 iter =111 dvmax =0.567E-06 xmixo =0.218E+00
 iter =112 dvmax =0.453E-06 xmixo =0.218E+00
 iter =113 dvmax =0.361E-06 xmixo =0.218E+00
 iter =114 dvmax =0.288E-06 xmixo =0.218E+00
 iter =115 dvmax =0.230E-06 xmixo =0.218E+00
 iter =116 dvmax =0.184E-06 xmixo =0.218E+00
 iter =117 dvmax =0.147E-06 xmixo =0.218E+00
 iter =118 dvmax =0.117E-06 xmixo =0.218E+00
 iter =119 dvmax =0.933E-07 xmixo =0.218E+00
 iter =120 dvmax =0.745E-07 xmixo =0.218E+00
 iter =121 dvmax =0.594E-07 xmixo =0.218E+00
 iter =122 dvmax =0.473E-07 xmixo =0.218E+00
 iter =123 dvmax =0.377E-07 xmixo =0.218E+00
 iter =124 dvmax =0.301E-07 xmixo =0.218E+00
 iter =125 dvmax =0.240E-07 xmixo =0.218E+00
 iter =126 dvmax =0.192E-07 xmixo =0.218E+00
 iter =127 dvmax =0.152E-07 xmixo =0.218E+00
 iter =128 dvmax =0.122E-07 xmixo =0.218E+00
 iter =129 dvmax =0.975E-08 xmixo =0.218E+00
 iter =130 dvmax =0.778E-08 xmixo =0.218E+00
 iter =131 dvmax =0.613E-08 xmixo =0.218E+00
 iter =132 dvmax =0.496E-08 xmixo =0.218E+00
 iter =133 dvmax =0.384E-08 xmixo =0.218E+00
 iter =134 dvmax =0.313E-08 xmixo =0.218E+00
 iter =135 dvmax =0.248E-08 xmixo =0.218E+00
 iter =136 dvmax =0.200E-08 xmixo =0.218E+00
 iter =137 dvmax =0.152E-08 xmixo =0.218E+00
 iter =138 dvmax =0.134E-08 xmixo =0.218E+00
 iter =139 dvmax =0.101E-08 xmixo =0.218E+00
 iter =140 dvmax =0.853E-09 xmixo =0.218E+00
 iter =141 dvmax =0.619E-09 xmixo =0.218E+00
 iter =142 dvmax =0.484E-09 xmixo =0.218E+00
 iter =143 dvmax =0.614E-09 xmixo =0.175E+00
 iter =144 dvmax =0.331E-09 xmixo =0.175E+00
 iter =145 dvmax =0.475E-09 xmixo =0.140E+00
 iter =146 dvmax =0.400E-09 xmixo =0.140E+00
 iter =147 dvmax =0.636E-09 xmixo =0.112E+00
 iter =148 dvmax =0.525E-09 xmixo =0.112E+00
 iter =149 dvmax =0.256E-09 xmixo =0.112E+00
 iter =150 dvmax =0.202E-09 xmixo =0.112E+00
 iter =151 dvmax =0.518E-09 xmixo =0.894E-01
 iter =152 dvmax =0.140E-09 xmixo =0.894E-01
 iter =153 dvmax =0.193E-09 xmixo =0.716E-01
 iter =154 dvmax =0.515E-09 xmixo =0.572E-01
 iter =155 dvmax =0.505E-09 xmixo =0.572E-01
 iter =156 dvmax =0.196E-09 xmixo =0.572E-01
 iter =157 dvmax =0.269E-09 xmixo =0.458E-01
 iter =158 dvmax =0.405E-09 xmixo =0.366E-01
 iter =159 dvmax =0.211E-09 xmixo =0.366E-01
 iter =160 dvmax =0.123E-09 xmixo =0.366E-01
 iter =161 dvmax =0.107E-09 xmixo =0.366E-01
 iter =162 dvmax =0.399E-09 xmixo =0.293E-01
 iter =163 dvmax =0.710E-09 xmixo =0.234E-01
 iter =164 dvmax =0.291E-09 xmixo =0.234E-01
 iter =165 dvmax =0.545E-09 xmixo =0.188E-01
 iter =166 dvmax =0.224E-09 xmixo =0.188E-01
 iter =167 dvmax =0.205E-09 xmixo =0.188E-01
 iter =168 dvmax =0.195E-09 xmixo =0.188E-01
 iter =169 dvmax =0.280E-09 xmixo =0.150E-01
 iter =170 dvmax =0.326E-09 xmixo =0.120E-01
 iter =171 dvmax =0.172E-09 xmixo =0.120E-01
 iter =172 dvmax =0.942E-10 xmixo =0.120E-01
 iter =173 dvmax =0.324E-09 xmixo =0.100E-01
 iter =174 dvmax =0.484E-09 xmixo =0.100E-01
 iter =175 dvmax =0.380E-09 xmixo =0.100E-01
 iter =176 dvmax =0.142E-09 xmixo =0.100E-01
 iter =177 dvmax =0.149E-09 xmixo =0.100E-01
 iter =178 dvmax =0.488E-09 xmixo =0.100E-01
 iter =179 dvmax =0.342E-09 xmixo =0.100E-01
 iter =180 dvmax =0.134E-09 xmixo =0.100E-01
 iter =181 dvmax =0.338E-09 xmixo =0.100E-01
 iter =182 dvmax =0.340E-09 xmixo =0.100E-01
 iter =183 dvmax =0.126E-09 xmixo =0.100E-01
 iter =184 dvmax =0.351E-09 xmixo =0.100E-01
 iter =185 dvmax =0.249E-09 xmixo =0.100E-01
 iter =186 dvmax =0.346E-09 xmixo =0.100E-01
 iter =187 dvmax =0.246E-09 xmixo =0.100E-01
 iter =188 dvmax =0.222E-09 xmixo =0.100E-01
 iter =189 dvmax =0.399E-09 xmixo =0.100E-01
 iter =190 dvmax =0.138E-09 xmixo =0.100E-01
 iter =191 dvmax =0.399E-09 xmixo =0.100E-01
 iter =192 dvmax =0.196E-09 xmixo =0.100E-01
 iter =193 dvmax =0.417E-09 xmixo =0.100E-01
 iter =194 dvmax =0.333E-09 xmixo =0.100E-01
 iter =195 dvmax =0.308E-09 xmixo =0.100E-01
 iter =196 dvmax =0.370E-09 xmixo =0.100E-01
 iter =197 dvmax =0.295E-09 xmixo =0.100E-01
 iter =198 dvmax =0.235E-09 xmixo =0.100E-01
 iter =199 dvmax =0.168E-09 xmixo =0.100E-01
 iter =200 dvmax =0.423E-09 xmixo =0.100E-01
 iter =201 dvmax =0.203E-09 xmixo =0.100E-01
 iter =202 dvmax =0.623E-09 xmixo =0.100E-01
 iter =203 dvmax =0.434E-09 xmixo =0.100E-01
 iter =204 dvmax =0.142E-09 xmixo =0.100E-01
 iter =205 dvmax =0.196E-09 xmixo =0.100E-01
 iter =206 dvmax =0.111E-09 xmixo =0.100E-01
 iter =207 dvmax =0.140E-09 xmixo =0.100E-01
 iter =208 dvmax =0.208E-09 xmixo =0.100E-01
 iter =209 dvmax =0.306E-09 xmixo =0.100E-01
 iter =210 dvmax =0.111E-09 xmixo =0.100E-01
 iter =211 dvmax =0.110E-09 xmixo =0.100E-01
 iter =212 dvmax =0.104E-09 xmixo =0.100E-01
 iter =213 dvmax =0.462E-09 xmixo =0.100E-01
 iter =214 dvmax =0.488E-09 xmixo =0.100E-01
 iter =215 dvmax =0.148E-09 xmixo =0.100E-01
 iter =216 dvmax =0.362E-09 xmixo =0.100E-01
 iter =217 dvmax =0.524E-09 xmixo =0.100E-01
 iter =218 dvmax =0.522E-09 xmixo =0.100E-01
 iter =219 dvmax =0.921E-10 xmixo =0.100E-01
 iter =220 dvmax =0.692E-10 xmixo =0.100E-01
 iter =221 dvmax =0.346E-09 xmixo =0.100E-01
 iter =222 dvmax =0.573E-09 xmixo =0.100E-01
 iter =223 dvmax =0.167E-09 xmixo =0.100E-01
 iter =224 dvmax =0.188E-09 xmixo =0.100E-01
 iter =225 dvmax =0.166E-09 xmixo =0.100E-01
 iter =226 dvmax =0.364E-09 xmixo =0.100E-01
 iter =227 dvmax =0.360E-09 xmixo =0.100E-01
 iter =228 dvmax =0.228E-09 xmixo =0.100E-01
 iter =229 dvmax =0.183E-09 xmixo =0.100E-01
 iter =230 dvmax =0.522E-09 xmixo =0.100E-01
 iter =231 dvmax =0.293E-09 xmixo =0.100E-01
 iter =232 dvmax =0.247E-09 xmixo =0.100E-01
 iter =233 dvmax =0.766E-10 xmixo =0.100E-01
 iter =234 dvmax =0.241E-09 xmixo =0.100E-01
 iter =235 dvmax =0.299E-09 xmixo =0.100E-01
 iter =236 dvmax =0.238E-09 xmixo =0.100E-01
 iter =237 dvmax =0.245E-09 xmixo =0.100E-01
 iter =238 dvmax =0.450E-09 xmixo =0.100E-01
 iter =239 dvmax =0.194E-09 xmixo =0.100E-01
 iter =240 dvmax =0.210E-09 xmixo =0.100E-01
 iter =241 dvmax =0.239E-09 xmixo =0.100E-01
 iter =242 dvmax =0.380E-09 xmixo =0.100E-01
 iter =243 dvmax =0.664E-10 xmixo =0.100E-01
 iter =244 dvmax =0.596E-09 xmixo =0.100E-01
 iter =245 dvmax =0.698E-10 xmixo =0.100E-01
 iter =246 dvmax =0.333E-09 xmixo =0.100E-01
 iter =247 dvmax =0.618E-09 xmixo =0.100E-01
 iter =248 dvmax =0.272E-09 xmixo =0.100E-01
 iter =249 dvmax =0.486E-09 xmixo =0.100E-01
 iter =250 dvmax =0.455E-09 xmixo =0.100E-01
 iter =251 dvmax =0.357E-09 xmixo =0.100E-01
 iter =252 dvmax =0.382E-09 xmixo =0.100E-01
 iter =253 dvmax =0.203E-09 xmixo =0.100E-01
 iter =254 dvmax =0.139E-09 xmixo =0.100E-01
 iter =255 dvmax =0.775E-10 xmixo =0.100E-01
 iter =256 dvmax =0.289E-09 xmixo =0.100E-01
 iter =257 dvmax =0.251E-09 xmixo =0.100E-01
 iter =258 dvmax =0.222E-09 xmixo =0.100E-01
 iter =259 dvmax =0.200E-09 xmixo =0.100E-01
 iter =260 dvmax =0.153E-09 xmixo =0.100E-01
 iter =261 dvmax =0.200E-09 xmixo =0.100E-01
 iter =262 dvmax =0.478E-09 xmixo =0.100E-01
 iter =263 dvmax =0.332E-09 xmixo =0.100E-01
 iter =264 dvmax =0.243E-09 xmixo =0.100E-01
 iter =265 dvmax =0.241E-09 xmixo =0.100E-01
 iter =266 dvmax =0.225E-09 xmixo =0.100E-01
 iter =267 dvmax =0.136E-09 xmixo =0.100E-01
 iter =268 dvmax =0.139E-09 xmixo =0.100E-01
 iter =269 dvmax =0.193E-09 xmixo =0.100E-01
 iter =270 dvmax =0.301E-09 xmixo =0.100E-01
 iter =271 dvmax =0.110E-09 xmixo =0.100E-01
 iter =272 dvmax =0.190E-09 xmixo =0.100E-01
 iter =273 dvmax =0.584E-09 xmixo =0.100E-01
 iter =274 dvmax =0.740E-09 xmixo =0.100E-01
 iter =275 dvmax =0.352E-09 xmixo =0.100E-01
 iter =276 dvmax =0.660E-09 xmixo =0.100E-01
 iter =277 dvmax =0.226E-09 xmixo =0.100E-01
 iter =278 dvmax =0.662E-10 xmixo =0.100E-01
 iter =279 dvmax =0.210E-09 xmixo =0.100E-01
 iter =280 dvmax =0.220E-09 xmixo =0.100E-01
 iter =281 dvmax =0.366E-09 xmixo =0.100E-01
 iter =282 dvmax =0.353E-09 xmixo =0.100E-01
 iter =283 dvmax =0.145E-09 xmixo =0.100E-01
 iter =284 dvmax =0.390E-09 xmixo =0.100E-01
 iter =285 dvmax =0.569E-09 xmixo =0.100E-01
 iter =286 dvmax =0.243E-09 xmixo =0.100E-01
 iter =287 dvmax =0.785E-10 xmixo =0.100E-01
 iter =288 dvmax =0.507E-09 xmixo =0.100E-01
 iter =289 dvmax =0.418E-09 xmixo =0.100E-01
 iter =290 dvmax =0.106E-09 xmixo =0.100E-01
 iter =291 dvmax =0.293E-09 xmixo =0.100E-01
 iter =292 dvmax =0.620E-09 xmixo =0.100E-01
 iter =293 dvmax =0.855E-10 xmixo =0.100E-01
 iter =294 dvmax =0.402E-09 xmixo =0.100E-01
 iter =295 dvmax =0.558E-09 xmixo =0.100E-01
 iter =296 dvmax =0.505E-09 xmixo =0.100E-01
 iter =297 dvmax =0.226E-09 xmixo =0.100E-01
 iter =298 dvmax =0.435E-09 xmixo =0.100E-01
 iter =299 dvmax =0.144E-09 xmixo =0.100E-01
 iter =300 dvmax =0.351E-09 xmixo =0.100E-01
 iter =301 dvmax =0.538E-09 xmixo =0.100E-01
 iter =302 dvmax =0.392E-09 xmixo =0.100E-01
 iter =303 dvmax =0.500E-09 xmixo =0.100E-01
 iter =304 dvmax =0.167E-09 xmixo =0.100E-01
 iter =305 dvmax =0.493E-09 xmixo =0.100E-01
 iter =306 dvmax =0.515E-09 xmixo =0.100E-01
 iter =307 dvmax =0.754E-09 xmixo =0.100E-01
 iter =308 dvmax =0.543E-09 xmixo =0.100E-01
 iter =309 dvmax =0.308E-09 xmixo =0.100E-01
 iter =310 dvmax =0.648E-09 xmixo =0.100E-01
 iter =311 dvmax =0.560E-09 xmixo =0.100E-01
 iter =312 dvmax =0.196E-09 xmixo =0.100E-01
 iter =313 dvmax =0.512E-09 xmixo =0.100E-01
 iter =314 dvmax =0.328E-09 xmixo =0.100E-01
 iter =315 dvmax =0.645E-09 xmixo =0.100E-01
 iter =316 dvmax =0.168E-09 xmixo =0.100E-01
 iter =317 dvmax =0.289E-09 xmixo =0.100E-01
 iter =318 dvmax =0.198E-09 xmixo =0.100E-01
 iter =319 dvmax =0.620E-09 xmixo =0.100E-01
 iter =320 dvmax =0.714E-10 xmixo =0.100E-01
 iter =321 dvmax =0.164E-09 xmixo =0.100E-01
 iter =322 dvmax =0.210E-09 xmixo =0.100E-01
 iter =323 dvmax =0.287E-09 xmixo =0.100E-01
 iter =324 dvmax =0.153E-09 xmixo =0.100E-01
 iter =325 dvmax =0.952E-09 xmixo =0.100E-01
 iter =326 dvmax =0.703E-09 xmixo =0.100E-01
 iter =327 dvmax =0.623E-09 xmixo =0.100E-01
 iter =328 dvmax =0.931E-10 xmixo =0.100E-01
 iter =329 dvmax =0.212E-09 xmixo =0.100E-01
 iter =330 dvmax =0.215E-09 xmixo =0.100E-01
 iter =331 dvmax =0.168E-09 xmixo =0.100E-01
 iter =332 dvmax =0.220E-09 xmixo =0.100E-01
 iter =333 dvmax =0.291E-09 xmixo =0.100E-01
 iter =334 dvmax =0.568E-09 xmixo =0.100E-01
 iter =335 dvmax =0.383E-09 xmixo =0.100E-01
 iter =336 dvmax =0.310E-09 xmixo =0.100E-01
 iter =337 dvmax =0.209E-09 xmixo =0.100E-01
 iter =338 dvmax =0.445E-09 xmixo =0.100E-01
 iter =339 dvmax =0.483E-09 xmixo =0.100E-01
 iter =340 dvmax =0.396E-09 xmixo =0.100E-01
 iter =341 dvmax =0.485E-09 xmixo =0.100E-01
 iter =342 dvmax =0.173E-09 xmixo =0.100E-01
 iter =343 dvmax =0.398E-09 xmixo =0.100E-01
 iter =344 dvmax =0.253E-09 xmixo =0.100E-01
 iter =345 dvmax =0.128E-09 xmixo =0.100E-01
 iter =346 dvmax =0.763E-09 xmixo =0.100E-01
 iter =347 dvmax =0.121E-09 xmixo =0.100E-01
 iter =348 dvmax =0.242E-09 xmixo =0.100E-01
 iter =349 dvmax =0.648E-09 xmixo =0.100E-01
 iter =350 dvmax =0.236E-09 xmixo =0.100E-01
 iter =351 dvmax =0.294E-09 xmixo =0.100E-01
 iter =352 dvmax =0.288E-09 xmixo =0.100E-01
 iter =353 dvmax =0.328E-09 xmixo =0.100E-01
 iter =354 dvmax =0.498E-09 xmixo =0.100E-01
 iter =355 dvmax =0.525E-09 xmixo =0.100E-01
 iter =356 dvmax =0.130E-09 xmixo =0.100E-01
 iter =357 dvmax =0.183E-09 xmixo =0.100E-01
 iter =358 dvmax =0.741E-10 xmixo =0.100E-01
 iter =359 dvmax =0.252E-09 xmixo =0.100E-01
 iter =360 dvmax =0.192E-09 xmixo =0.100E-01
 iter =361 dvmax =0.336E-09 xmixo =0.100E-01
 iter =362 dvmax =0.497E-09 xmixo =0.100E-01
 iter =363 dvmax =0.499E-09 xmixo =0.100E-01
 iter =364 dvmax =0.491E-09 xmixo =0.100E-01
 iter =365 dvmax =0.579E-09 xmixo =0.100E-01
 iter =366 dvmax =0.471E-09 xmixo =0.100E-01
 iter =367 dvmax =0.123E-09 xmixo =0.100E-01
 iter =368 dvmax =0.463E-09 xmixo =0.100E-01
 iter =369 dvmax =0.331E-09 xmixo =0.100E-01
 iter =370 dvmax =0.861E-09 xmixo =0.100E-01
 iter =371 dvmax =0.243E-09 xmixo =0.100E-01
 iter =372 dvmax =0.597E-09 xmixo =0.100E-01
 iter =373 dvmax =0.215E-09 xmixo =0.100E-01
 iter =374 dvmax =0.267E-09 xmixo =0.100E-01
 iter =375 dvmax =0.362E-09 xmixo =0.100E-01
 iter =376 dvmax =0.543E-09 xmixo =0.100E-01
 iter =377 dvmax =0.261E-09 xmixo =0.100E-01
 iter =378 dvmax =0.250E-09 xmixo =0.100E-01
 iter =379 dvmax =0.106E-09 xmixo =0.100E-01
 iter =380 dvmax =0.398E-09 xmixo =0.100E-01
 iter =381 dvmax =0.186E-09 xmixo =0.100E-01
 iter =382 dvmax =0.452E-09 xmixo =0.100E-01
 iter =383 dvmax =0.680E-10 xmixo =0.100E-01
 iter =384 dvmax =0.123E-09 xmixo =0.100E-01
 iter =385 dvmax =0.268E-09 xmixo =0.100E-01
 iter =386 dvmax =0.436E-09 xmixo =0.100E-01
 iter =387 dvmax =0.419E-09 xmixo =0.100E-01
 iter =388 dvmax =0.442E-09 xmixo =0.100E-01
 iter =389 dvmax =0.315E-09 xmixo =0.100E-01
 iter =390 dvmax =0.413E-09 xmixo =0.100E-01
 iter =391 dvmax =0.393E-09 xmixo =0.100E-01
 iter =392 dvmax =0.595E-09 xmixo =0.100E-01
 iter =393 dvmax =0.573E-09 xmixo =0.100E-01
 iter =394 dvmax =0.253E-09 xmixo =0.100E-01
 iter =395 dvmax =0.132E-09 xmixo =0.100E-01
 iter =396 dvmax =0.565E-09 xmixo =0.100E-01
 iter =397 dvmax =0.254E-09 xmixo =0.100E-01
 iter =398 dvmax =0.618E-09 xmixo =0.100E-01
 iter =399 dvmax =0.125E-09 xmixo =0.100E-01
 iter =400 dvmax =0.230E-09 xmixo =0.100E-01
 iter =401 dvmax =0.450E-09 xmixo =0.100E-01
 iter =402 dvmax =0.127E-09 xmixo =0.100E-01
 iter =403 dvmax =0.155E-09 xmixo =0.100E-01
 iter =404 dvmax =0.156E-09 xmixo =0.100E-01
 iter =405 dvmax =0.315E-09 xmixo =0.100E-01
 iter =406 dvmax =0.246E-09 xmixo =0.100E-01
 iter =407 dvmax =0.550E-09 xmixo =0.100E-01
 iter =408 dvmax =0.229E-09 xmixo =0.100E-01
 iter =409 dvmax =0.634E-09 xmixo =0.100E-01
 iter =410 dvmax =0.509E-09 xmixo =0.100E-01
 iter =411 dvmax =0.478E-09 xmixo =0.100E-01
 iter =412 dvmax =0.697E-09 xmixo =0.100E-01
 iter =413 dvmax =0.123E-09 xmixo =0.100E-01
 iter =414 dvmax =0.202E-09 xmixo =0.100E-01
 iter =415 dvmax =0.382E-09 xmixo =0.100E-01
 iter =416 dvmax =0.761E-09 xmixo =0.100E-01
 iter =417 dvmax =0.218E-09 xmixo =0.100E-01
 iter =418 dvmax =0.266E-09 xmixo =0.100E-01
 iter =419 dvmax =0.498E-09 xmixo =0.100E-01
 iter =420 dvmax =0.374E-09 xmixo =0.100E-01
 iter =421 dvmax =0.101E-09 xmixo =0.100E-01
 iter =422 dvmax =0.343E-09 xmixo =0.100E-01
 iter =423 dvmax =0.416E-09 xmixo =0.100E-01
 iter =424 dvmax =0.277E-09 xmixo =0.100E-01
 iter =425 dvmax =0.324E-09 xmixo =0.100E-01
 iter =426 dvmax =0.205E-09 xmixo =0.100E-01
 iter =427 dvmax =0.277E-09 xmixo =0.100E-01
 iter =428 dvmax =0.765E-09 xmixo =0.100E-01
 iter =429 dvmax =0.159E-09 xmixo =0.100E-01
 iter =430 dvmax =0.314E-09 xmixo =0.100E-01
 iter =431 dvmax =0.148E-09 xmixo =0.100E-01
 iter =432 dvmax =0.135E-09 xmixo =0.100E-01
 iter =433 dvmax =0.318E-09 xmixo =0.100E-01
 iter =434 dvmax =0.285E-09 xmixo =0.100E-01
 iter =435 dvmax =0.341E-09 xmixo =0.100E-01
 iter =436 dvmax =0.180E-09 xmixo =0.100E-01
 iter =437 dvmax =0.349E-09 xmixo =0.100E-01
 iter =438 dvmax =0.108E-09 xmixo =0.100E-01
 iter =439 dvmax =0.201E-09 xmixo =0.100E-01
 iter =440 dvmax =0.402E-09 xmixo =0.100E-01
 iter =441 dvmax =0.252E-09 xmixo =0.100E-01
 iter =442 dvmax =0.172E-09 xmixo =0.100E-01
 iter =443 dvmax =0.141E-09 xmixo =0.100E-01
 iter =444 dvmax =0.502E-10 xmixo =0.100E-01
 iter =445 dvmax =0.426E-09 xmixo =0.100E-01
 iter =446 dvmax =0.414E-09 xmixo =0.100E-01
 iter =447 dvmax =0.336E-09 xmixo =0.100E-01
 iter =448 dvmax =0.246E-09 xmixo =0.100E-01
 iter =449 dvmax =0.183E-09 xmixo =0.100E-01
 iter =450 dvmax =0.180E-09 xmixo =0.100E-01
 iter =451 dvmax =0.258E-09 xmixo =0.100E-01
 iter =452 dvmax =0.230E-09 xmixo =0.100E-01
 iter =453 dvmax =0.552E-09 xmixo =0.100E-01
 iter =454 dvmax =0.861E-09 xmixo =0.100E-01
 iter =455 dvmax =0.257E-09 xmixo =0.100E-01
 iter =456 dvmax =0.541E-09 xmixo =0.100E-01
 iter =457 dvmax =0.795E-09 xmixo =0.100E-01
 iter =458 dvmax =0.257E-09 xmixo =0.100E-01
 iter =459 dvmax =0.289E-09 xmixo =0.100E-01
 iter =460 dvmax =0.179E-09 xmixo =0.100E-01
 iter =461 dvmax =0.756E-09 xmixo =0.100E-01
 iter =462 dvmax =0.198E-09 xmixo =0.100E-01
 iter =463 dvmax =0.429E-09 xmixo =0.100E-01
 iter =464 dvmax =0.255E-09 xmixo =0.100E-01
 iter =465 dvmax =0.281E-09 xmixo =0.100E-01
 iter =466 dvmax =0.544E-09 xmixo =0.100E-01
 iter =467 dvmax =0.401E-09 xmixo =0.100E-01
 iter =468 dvmax =0.232E-09 xmixo =0.100E-01
 iter =469 dvmax =0.619E-09 xmixo =0.100E-01
 iter =470 dvmax =0.228E-09 xmixo =0.100E-01
 iter =471 dvmax =0.330E-09 xmixo =0.100E-01
 iter =472 dvmax =0.534E-09 xmixo =0.100E-01
 iter =473 dvmax =0.507E-09 xmixo =0.100E-01
 iter =474 dvmax =0.140E-09 xmixo =0.100E-01
 iter =475 dvmax =0.138E-09 xmixo =0.100E-01
 iter =476 dvmax =0.150E-09 xmixo =0.100E-01
 iter =477 dvmax =0.254E-09 xmixo =0.100E-01
 iter =478 dvmax =0.139E-09 xmixo =0.100E-01
 iter =479 dvmax =0.224E-09 xmixo =0.100E-01
 iter =480 dvmax =0.118E-09 xmixo =0.100E-01
 iter =481 dvmax =0.195E-09 xmixo =0.100E-01
 iter =482 dvmax =0.401E-09 xmixo =0.100E-01
 iter =483 dvmax =0.100E-09 xmixo =0.100E-01
 iter =484 dvmax =0.542E-09 xmixo =0.100E-01
 iter =485 dvmax =0.208E-09 xmixo =0.100E-01
 iter =486 dvmax =0.398E-09 xmixo =0.100E-01
 iter =487 dvmax =0.119E-09 xmixo =0.100E-01
 iter =488 dvmax =0.194E-09 xmixo =0.100E-01
 iter =489 dvmax =0.693E-09 xmixo =0.100E-01
 iter =490 dvmax =0.161E-09 xmixo =0.100E-01
 iter =491 dvmax =0.150E-09 xmixo =0.100E-01
 iter =492 dvmax =0.262E-09 xmixo =0.100E-01
 iter =493 dvmax =0.226E-09 xmixo =0.100E-01
 iter =494 dvmax =0.161E-09 xmixo =0.100E-01
 iter =495 dvmax =0.224E-09 xmixo =0.100E-01
 iter =496 dvmax =0.580E-09 xmixo =0.100E-01
 iter =497 dvmax =0.435E-09 xmixo =0.100E-01
 iter =498 dvmax =0.563E-10 xmixo =0.100E-01
 iter =499 dvmax =0.185E-09 xmixo =0.100E-01
 iter =500 dvmax =0.706E-09 xmixo =0.100E-01
 iter =501 dvmax =0.164E-09 xmixo =0.100E-01
 iter =502 dvmax =0.445E-09 xmixo =0.100E-01
 iter =503 dvmax =0.503E-09 xmixo =0.100E-01
 iter =504 dvmax =0.102E-09 xmixo =0.100E-01
 iter =505 dvmax =0.244E-09 xmixo =0.100E-01
 iter =506 dvmax =0.256E-09 xmixo =0.100E-01
 iter =507 dvmax =0.205E-09 xmixo =0.100E-01
 iter =508 dvmax =0.291E-09 xmixo =0.100E-01
 iter =509 dvmax =0.414E-09 xmixo =0.100E-01
 iter =510 dvmax =0.436E-09 xmixo =0.100E-01
 iter =511 dvmax =0.165E-09 xmixo =0.100E-01
 iter =512 dvmax =0.366E-09 xmixo =0.100E-01
 iter =513 dvmax =0.244E-09 xmixo =0.100E-01
 iter =514 dvmax =0.322E-09 xmixo =0.100E-01
 iter =515 dvmax =0.387E-09 xmixo =0.100E-01
 iter =516 dvmax =0.416E-09 xmixo =0.100E-01
 iter =517 dvmax =0.178E-09 xmixo =0.100E-01
 iter =518 dvmax =0.117E-09 xmixo =0.100E-01
 iter =519 dvmax =0.363E-09 xmixo =0.100E-01
 iter =520 dvmax =0.432E-09 xmixo =0.100E-01
 iter =521 dvmax =0.128E-09 xmixo =0.100E-01
 iter =522 dvmax =0.315E-09 xmixo =0.100E-01
 iter =523 dvmax =0.744E-09 xmixo =0.100E-01
 iter =524 dvmax =0.108E-09 xmixo =0.100E-01
 iter =525 dvmax =0.765E-09 xmixo =0.100E-01
 iter =526 dvmax =0.849E-10 xmixo =0.100E-01
 iter =527 dvmax =0.156E-09 xmixo =0.100E-01
 iter =528 dvmax =0.107E-09 xmixo =0.100E-01
 iter =529 dvmax =0.632E-09 xmixo =0.100E-01
 iter =530 dvmax =0.427E-09 xmixo =0.100E-01
 iter =531 dvmax =0.984E-10 xmixo =0.100E-01
 iter =532 dvmax =0.422E-09 xmixo =0.100E-01
 iter =533 dvmax =0.199E-09 xmixo =0.100E-01
 iter =534 dvmax =0.410E-09 xmixo =0.100E-01
 iter =535 dvmax =0.132E-09 xmixo =0.100E-01
 iter =536 dvmax =0.223E-09 xmixo =0.100E-01
 iter =537 dvmax =0.998E-10 xmixo =0.100E-01
 iter =538 dvmax =0.589E-09 xmixo =0.100E-01
 iter =539 dvmax =0.488E-09 xmixo =0.100E-01
 iter =540 dvmax =0.118E-09 xmixo =0.100E-01
 iter =541 dvmax =0.121E-09 xmixo =0.100E-01
 iter =542 dvmax =0.447E-09 xmixo =0.100E-01
 iter =543 dvmax =0.247E-09 xmixo =0.100E-01
 iter =544 dvmax =0.401E-09 xmixo =0.100E-01
 iter =545 dvmax =0.993E-10 xmixo =0.100E-01
 iter =546 dvmax =0.317E-09 xmixo =0.100E-01
 iter =547 dvmax =0.109E-09 xmixo =0.100E-01
 iter =548 dvmax =0.235E-09 xmixo =0.100E-01
 iter =549 dvmax =0.627E-09 xmixo =0.100E-01
 iter =550 dvmax =0.130E-09 xmixo =0.100E-01
 iter =551 dvmax =0.289E-09 xmixo =0.100E-01
 iter =552 dvmax =0.539E-09 xmixo =0.100E-01
 iter =553 dvmax =0.150E-09 xmixo =0.100E-01
 iter =554 dvmax =0.143E-09 xmixo =0.100E-01
 iter =555 dvmax =0.413E-09 xmixo =0.100E-01
 iter =556 dvmax =0.320E-09 xmixo =0.100E-01
 iter =557 dvmax =0.152E-09 xmixo =0.100E-01
 iter =558 dvmax =0.287E-09 xmixo =0.100E-01
 iter =559 dvmax =0.867E-09 xmixo =0.100E-01
 iter =560 dvmax =0.394E-09 xmixo =0.100E-01
 iter =561 dvmax =0.197E-09 xmixo =0.100E-01
 iter =562 dvmax =0.275E-09 xmixo =0.100E-01
 iter =563 dvmax =0.402E-09 xmixo =0.100E-01
 iter =564 dvmax =0.347E-09 xmixo =0.100E-01
 iter =565 dvmax =0.523E-09 xmixo =0.100E-01
 iter =566 dvmax =0.121E-09 xmixo =0.100E-01
 iter =567 dvmax =0.267E-09 xmixo =0.100E-01
 iter =568 dvmax =0.280E-09 xmixo =0.100E-01
 iter =569 dvmax =0.267E-09 xmixo =0.100E-01
 iter =570 dvmax =0.427E-09 xmixo =0.100E-01
 iter =571 dvmax =0.264E-09 xmixo =0.100E-01
 iter =572 dvmax =0.214E-09 xmixo =0.100E-01
 iter =573 dvmax =0.101E-09 xmixo =0.100E-01
 iter =574 dvmax =0.687E-09 xmixo =0.100E-01
 iter =575 dvmax =0.539E-09 xmixo =0.100E-01
 iter =576 dvmax =0.354E-09 xmixo =0.100E-01
 iter =577 dvmax =0.563E-09 xmixo =0.100E-01
 iter =578 dvmax =0.377E-09 xmixo =0.100E-01
 iter =579 dvmax =0.317E-09 xmixo =0.100E-01
 iter =580 dvmax =0.104E-09 xmixo =0.100E-01
 iter =581 dvmax =0.178E-09 xmixo =0.100E-01
 iter =582 dvmax =0.675E-09 xmixo =0.100E-01
 iter =583 dvmax =0.237E-09 xmixo =0.100E-01
 iter =584 dvmax =0.172E-09 xmixo =0.100E-01
 iter =585 dvmax =0.257E-09 xmixo =0.100E-01
 iter =586 dvmax =0.197E-09 xmixo =0.100E-01
 iter =587 dvmax =0.245E-09 xmixo =0.100E-01
 iter =588 dvmax =0.178E-09 xmixo =0.100E-01
 iter =589 dvmax =0.662E-09 xmixo =0.100E-01
 iter =590 dvmax =0.138E-09 xmixo =0.100E-01
 iter =591 dvmax =0.179E-09 xmixo =0.100E-01
 iter =592 dvmax =0.311E-09 xmixo =0.100E-01
 iter =593 dvmax =0.459E-09 xmixo =0.100E-01
 iter =594 dvmax =0.154E-09 xmixo =0.100E-01
 iter =595 dvmax =0.381E-09 xmixo =0.100E-01
 iter =596 dvmax =0.132E-09 xmixo =0.100E-01
 iter =597 dvmax =0.143E-09 xmixo =0.100E-01
 iter =598 dvmax =0.130E-09 xmixo =0.100E-01
 iter =599 dvmax =0.129E-09 xmixo =0.100E-01
 iter =600 dvmax =0.129E-09 xmixo =0.100E-01
 iter =601 dvmax =0.519E-09 xmixo =0.100E-01
 iter =602 dvmax =0.301E-09 xmixo =0.100E-01
 iter =603 dvmax =0.138E-09 xmixo =0.100E-01
 iter =604 dvmax =0.487E-09 xmixo =0.100E-01
 iter =605 dvmax =0.548E-09 xmixo =0.100E-01
 iter =606 dvmax =0.272E-09 xmixo =0.100E-01
 iter =607 dvmax =0.520E-09 xmixo =0.100E-01
 iter =608 dvmax =0.167E-09 xmixo =0.100E-01
 iter =609 dvmax =0.136E-09 xmixo =0.100E-01
 iter =610 dvmax =0.515E-09 xmixo =0.100E-01
 iter =611 dvmax =0.249E-09 xmixo =0.100E-01
 iter =612 dvmax =0.306E-09 xmixo =0.100E-01
 iter =613 dvmax =0.179E-09 xmixo =0.100E-01
 iter =614 dvmax =0.384E-09 xmixo =0.100E-01
 iter =615 dvmax =0.179E-09 xmixo =0.100E-01
 iter =616 dvmax =0.378E-09 xmixo =0.100E-01
 iter =617 dvmax =0.253E-09 xmixo =0.100E-01
 iter =618 dvmax =0.976E-10 xmixo =0.100E-01
 iter =619 dvmax =0.251E-09 xmixo =0.100E-01
 iter =620 dvmax =0.131E-09 xmixo =0.100E-01
 iter =621 dvmax =0.342E-09 xmixo =0.100E-01
 iter =622 dvmax =0.102E-09 xmixo =0.100E-01
 iter =623 dvmax =0.817E-10 xmixo =0.100E-01
 iter =624 dvmax =0.192E-09 xmixo =0.100E-01
 iter =625 dvmax =0.462E-09 xmixo =0.100E-01
 iter =626 dvmax =0.457E-09 xmixo =0.100E-01
 iter =627 dvmax =0.270E-09 xmixo =0.100E-01
 iter =628 dvmax =0.790E-09 xmixo =0.100E-01
 iter =629 dvmax =0.374E-09 xmixo =0.100E-01
 iter =630 dvmax =0.189E-09 xmixo =0.100E-01
 iter =631 dvmax =0.502E-09 xmixo =0.100E-01
 iter =632 dvmax =0.139E-09 xmixo =0.100E-01
 iter =633 dvmax =0.225E-09 xmixo =0.100E-01
 iter =634 dvmax =0.248E-09 xmixo =0.100E-01
 iter =635 dvmax =0.129E-09 xmixo =0.100E-01
 iter =636 dvmax =0.113E-09 xmixo =0.100E-01
 iter =637 dvmax =0.329E-09 xmixo =0.100E-01
 iter =638 dvmax =0.773E-10 xmixo =0.100E-01
 iter =639 dvmax =0.252E-09 xmixo =0.100E-01
 iter =640 dvmax =0.226E-09 xmixo =0.100E-01
 iter =641 dvmax =0.685E-09 xmixo =0.100E-01
 iter =642 dvmax =0.315E-09 xmixo =0.100E-01
 iter =643 dvmax =0.212E-09 xmixo =0.100E-01
 iter =644 dvmax =0.535E-09 xmixo =0.100E-01
 iter =645 dvmax =0.114E-09 xmixo =0.100E-01
 iter =646 dvmax =0.425E-09 xmixo =0.100E-01
 iter =647 dvmax =0.275E-09 xmixo =0.100E-01
 iter =648 dvmax =0.345E-09 xmixo =0.100E-01
 iter =649 dvmax =0.447E-09 xmixo =0.100E-01
 iter =650 dvmax =0.888E-10 xmixo =0.100E-01
 iter =651 dvmax =0.335E-09 xmixo =0.100E-01
 iter =652 dvmax =0.520E-09 xmixo =0.100E-01
 iter =653 dvmax =0.332E-09 xmixo =0.100E-01
 iter =654 dvmax =0.367E-09 xmixo =0.100E-01
 iter =655 dvmax =0.307E-09 xmixo =0.100E-01
 iter =656 dvmax =0.497E-09 xmixo =0.100E-01
 iter =657 dvmax =0.222E-09 xmixo =0.100E-01
 iter =658 dvmax =0.356E-09 xmixo =0.100E-01
 iter =659 dvmax =0.348E-09 xmixo =0.100E-01
 iter =660 dvmax =0.454E-09 xmixo =0.100E-01
 iter =661 dvmax =0.446E-09 xmixo =0.100E-01
 iter =662 dvmax =0.285E-09 xmixo =0.100E-01
 iter =663 dvmax =0.234E-09 xmixo =0.100E-01
 iter =664 dvmax =0.442E-09 xmixo =0.100E-01
 iter =665 dvmax =0.411E-09 xmixo =0.100E-01
 iter =666 dvmax =0.487E-09 xmixo =0.100E-01
 iter =667 dvmax =0.311E-09 xmixo =0.100E-01
 iter =668 dvmax =0.444E-09 xmixo =0.100E-01
 iter =669 dvmax =0.131E-09 xmixo =0.100E-01
 iter =670 dvmax =0.119E-09 xmixo =0.100E-01
 iter =671 dvmax =0.114E-09 xmixo =0.100E-01
 iter =672 dvmax =0.113E-09 xmixo =0.100E-01
 iter =673 dvmax =0.172E-09 xmixo =0.100E-01
 iter =674 dvmax =0.329E-09 xmixo =0.100E-01
 iter =675 dvmax =0.780E-10 xmixo =0.100E-01
 iter =676 dvmax =0.273E-09 xmixo =0.100E-01
 iter =677 dvmax =0.216E-09 xmixo =0.100E-01
 iter =678 dvmax =0.316E-09 xmixo =0.100E-01
 iter =679 dvmax =0.442E-09 xmixo =0.100E-01
 iter =680 dvmax =0.748E-10 xmixo =0.100E-01
 iter =681 dvmax =0.566E-09 xmixo =0.100E-01
 iter =682 dvmax =0.390E-09 xmixo =0.100E-01
 iter =683 dvmax =0.495E-09 xmixo =0.100E-01
 iter =684 dvmax =0.490E-09 xmixo =0.100E-01
 iter =685 dvmax =0.588E-09 xmixo =0.100E-01
 iter =686 dvmax =0.425E-09 xmixo =0.100E-01
 iter =687 dvmax =0.282E-09 xmixo =0.100E-01
 iter =688 dvmax =0.415E-09 xmixo =0.100E-01
 iter =689 dvmax =0.123E-09 xmixo =0.100E-01
 iter =690 dvmax =0.425E-09 xmixo =0.100E-01
 iter =691 dvmax =0.105E-09 xmixo =0.100E-01
 iter =692 dvmax =0.268E-09 xmixo =0.100E-01
 iter =693 dvmax =0.316E-09 xmixo =0.100E-01
 iter =694 dvmax =0.130E-09 xmixo =0.100E-01
 iter =695 dvmax =0.344E-09 xmixo =0.100E-01
 iter =696 dvmax =0.167E-09 xmixo =0.100E-01
 iter =697 dvmax =0.323E-09 xmixo =0.100E-01
 iter =698 dvmax =0.350E-09 xmixo =0.100E-01
 iter =699 dvmax =0.218E-09 xmixo =0.100E-01
 iter =700 dvmax =0.341E-09 xmixo =0.100E-01
 iter =701 dvmax =0.499E-09 xmixo =0.100E-01
 iter =702 dvmax =0.189E-09 xmixo =0.100E-01
 iter =703 dvmax =0.529E-09 xmixo =0.100E-01
 iter =704 dvmax =0.475E-09 xmixo =0.100E-01
 iter =705 dvmax =0.294E-09 xmixo =0.100E-01
 iter =706 dvmax =0.512E-09 xmixo =0.100E-01
 iter =707 dvmax =0.316E-09 xmixo =0.100E-01
 iter =708 dvmax =0.360E-09 xmixo =0.100E-01
 iter =709 dvmax =0.468E-09 xmixo =0.100E-01
 iter =710 dvmax =0.205E-09 xmixo =0.100E-01
 iter =711 dvmax =0.233E-09 xmixo =0.100E-01
 iter =712 dvmax =0.173E-09 xmixo =0.100E-01
 iter =713 dvmax =0.376E-09 xmixo =0.100E-01
 iter =714 dvmax =0.246E-09 xmixo =0.100E-01
 iter =715 dvmax =0.558E-09 xmixo =0.100E-01
 iter =716 dvmax =0.442E-09 xmixo =0.100E-01
 iter =717 dvmax =0.163E-09 xmixo =0.100E-01
 iter =718 dvmax =0.539E-09 xmixo =0.100E-01
 iter =719 dvmax =0.544E-09 xmixo =0.100E-01
 iter =720 dvmax =0.216E-09 xmixo =0.100E-01
 iter =721 dvmax =0.164E-09 xmixo =0.100E-01
 iter =722 dvmax =0.436E-09 xmixo =0.100E-01
 iter =723 dvmax =0.425E-09 xmixo =0.100E-01
 iter =724 dvmax =0.442E-09 xmixo =0.100E-01
 iter =725 dvmax =0.221E-09 xmixo =0.100E-01
 iter =726 dvmax =0.378E-09 xmixo =0.100E-01
 iter =727 dvmax =0.567E-09 xmixo =0.100E-01
 iter =728 dvmax =0.373E-09 xmixo =0.100E-01
 iter =729 dvmax =0.560E-09 xmixo =0.100E-01
 iter =730 dvmax =0.639E-09 xmixo =0.100E-01
 iter =731 dvmax =0.421E-09 xmixo =0.100E-01
 iter =732 dvmax =0.417E-09 xmixo =0.100E-01
 iter =733 dvmax =0.412E-09 xmixo =0.100E-01
 iter =734 dvmax =0.223E-09 xmixo =0.100E-01
 iter =735 dvmax =0.224E-09 xmixo =0.100E-01
 iter =736 dvmax =0.223E-09 xmixo =0.100E-01
 iter =737 dvmax =0.292E-09 xmixo =0.100E-01
 iter =738 dvmax =0.223E-09 xmixo =0.100E-01
 iter =739 dvmax =0.220E-09 xmixo =0.100E-01
 iter =740 dvmax =0.164E-09 xmixo =0.100E-01
 iter =741 dvmax =0.441E-09 xmixo =0.100E-01
 iter =742 dvmax =0.448E-09 xmixo =0.100E-01
 iter =743 dvmax =0.216E-09 xmixo =0.100E-01
 iter =744 dvmax =0.213E-09 xmixo =0.100E-01
 iter =745 dvmax =0.211E-09 xmixo =0.100E-01
 iter =746 dvmax =0.195E-09 xmixo =0.100E-01
 iter =747 dvmax =0.388E-09 xmixo =0.100E-01
 iter =748 dvmax =0.207E-09 xmixo =0.100E-01
 iter =749 dvmax =0.428E-09 xmixo =0.100E-01
 iter =750 dvmax =0.206E-09 xmixo =0.100E-01
 iter =751 dvmax =0.499E-09 xmixo =0.100E-01
 iter =752 dvmax =0.289E-09 xmixo =0.100E-01
 iter =753 dvmax =0.234E-09 xmixo =0.100E-01
 iter =754 dvmax =0.288E-09 xmixo =0.100E-01
 iter =755 dvmax =0.561E-09 xmixo =0.100E-01
 iter =756 dvmax =0.287E-09 xmixo =0.100E-01
 iter =757 dvmax =0.557E-09 xmixo =0.100E-01
 iter =758 dvmax =0.479E-09 xmixo =0.100E-01
 iter =759 dvmax =0.764E-09 xmixo =0.100E-01
 iter =760 dvmax =0.474E-09 xmixo =0.100E-01
 iter =761 dvmax =0.514E-09 xmixo =0.100E-01
 iter =762 dvmax =0.360E-09 xmixo =0.100E-01
 iter =763 dvmax =0.261E-09 xmixo =0.100E-01
 iter =764 dvmax =0.354E-09 xmixo =0.100E-01
 iter =765 dvmax =0.266E-09 xmixo =0.100E-01
 iter =766 dvmax =0.348E-09 xmixo =0.100E-01
 iter =767 dvmax =0.348E-09 xmixo =0.100E-01
 iter =768 dvmax =0.202E-09 xmixo =0.100E-01
 iter =769 dvmax =0.488E-09 xmixo =0.100E-01
 iter =770 dvmax =0.385E-09 xmixo =0.100E-01
 iter =771 dvmax =0.350E-09 xmixo =0.100E-01
 iter =772 dvmax =0.321E-09 xmixo =0.100E-01
 iter =773 dvmax =0.235E-09 xmixo =0.100E-01
 iter =774 dvmax =0.334E-09 xmixo =0.100E-01
 iter =775 dvmax =0.389E-09 xmixo =0.100E-01
 iter =776 dvmax =0.252E-09 xmixo =0.100E-01
 iter =777 dvmax =0.237E-09 xmixo =0.100E-01
 iter =778 dvmax =0.421E-09 xmixo =0.100E-01
 iter =779 dvmax =0.230E-09 xmixo =0.100E-01
 iter =780 dvmax =0.292E-09 xmixo =0.100E-01
 iter =781 dvmax =0.402E-09 xmixo =0.100E-01
 iter =782 dvmax =0.115E-09 xmixo =0.100E-01
 iter =783 dvmax =0.113E-09 xmixo =0.100E-01
 iter =784 dvmax =0.394E-09 xmixo =0.100E-01
 iter =785 dvmax =0.343E-09 xmixo =0.100E-01
 iter =786 dvmax =0.399E-09 xmixo =0.100E-01
 iter =787 dvmax =0.201E-09 xmixo =0.100E-01
 iter =788 dvmax =0.241E-09 xmixo =0.100E-01
 iter =789 dvmax =0.337E-09 xmixo =0.100E-01
 iter =790 dvmax =0.459E-09 xmixo =0.100E-01
 iter =791 dvmax =0.226E-09 xmixo =0.100E-01
 iter =792 dvmax =0.336E-09 xmixo =0.100E-01
 iter =793 dvmax =0.359E-09 xmixo =0.100E-01
 iter =794 dvmax =0.169E-09 xmixo =0.100E-01
 iter =795 dvmax =0.216E-09 xmixo =0.100E-01
 iter =796 dvmax =0.355E-09 xmixo =0.100E-01
 iter =797 dvmax =0.403E-09 xmixo =0.100E-01
 iter =798 dvmax =0.215E-09 xmixo =0.100E-01
 iter =799 dvmax =0.342E-09 xmixo =0.100E-01
 iter =800 dvmax =0.431E-09 xmixo =0.100E-01
 iter =801 dvmax =0.619E-09 xmixo =0.100E-01
 iter =802 dvmax =0.550E-09 xmixo =0.100E-01
 iter =803 dvmax =0.262E-09 xmixo =0.100E-01
 iter =804 dvmax =0.104E-09 xmixo =0.100E-01
 iter =805 dvmax =0.968E-10 xmixo =0.100E-01
 iter =806 dvmax =0.312E-09 xmixo =0.100E-01
 iter =807 dvmax =0.264E-09 xmixo =0.100E-01
 iter =808 dvmax =0.382E-09 xmixo =0.100E-01
 iter =809 dvmax =0.223E-09 xmixo =0.100E-01
 iter =810 dvmax =0.516E-09 xmixo =0.100E-01
 iter =811 dvmax =0.310E-09 xmixo =0.100E-01
 iter =812 dvmax =0.160E-09 xmixo =0.100E-01
 iter =813 dvmax =0.284E-09 xmixo =0.100E-01
 iter =814 dvmax =0.309E-09 xmixo =0.100E-01
 iter =815 dvmax =0.306E-09 xmixo =0.100E-01
 iter =816 dvmax =0.493E-09 xmixo =0.100E-01
 iter =817 dvmax =0.488E-09 xmixo =0.100E-01
 iter =818 dvmax =0.493E-09 xmixo =0.100E-01
 iter =819 dvmax =0.478E-09 xmixo =0.100E-01
 iter =820 dvmax =0.292E-09 xmixo =0.100E-01
 iter =821 dvmax =0.337E-09 xmixo =0.100E-01
 iter =822 dvmax =0.280E-09 xmixo =0.100E-01
 iter =823 dvmax =0.479E-09 xmixo =0.100E-01
 iter =824 dvmax =0.705E-10 xmixo =0.100E-01
 iter =825 dvmax =0.330E-09 xmixo =0.100E-01
 iter =826 dvmax =0.209E-09 xmixo =0.100E-01
 iter =827 dvmax =0.567E-09 xmixo =0.100E-01
 iter =828 dvmax =0.202E-09 xmixo =0.100E-01
 iter =829 dvmax =0.789E-09 xmixo =0.100E-01
 iter =830 dvmax =0.455E-09 xmixo =0.100E-01
 iter =831 dvmax =0.460E-09 xmixo =0.100E-01
 iter =832 dvmax =0.455E-09 xmixo =0.100E-01
 iter =833 dvmax =0.425E-09 xmixo =0.100E-01
 iter =834 dvmax =0.467E-09 xmixo =0.100E-01
 iter =835 dvmax =0.171E-09 xmixo =0.100E-01
 iter =836 dvmax =0.255E-09 xmixo =0.100E-01
 iter =837 dvmax =0.447E-09 xmixo =0.100E-01
 iter =838 dvmax =0.440E-09 xmixo =0.100E-01
 iter =839 dvmax =0.436E-09 xmixo =0.100E-01
 iter =840 dvmax =0.412E-09 xmixo =0.100E-01
 iter =841 dvmax =0.433E-09 xmixo =0.100E-01
 iter =842 dvmax =0.428E-09 xmixo =0.100E-01
 iter =843 dvmax =0.426E-09 xmixo =0.100E-01
 iter =844 dvmax =0.509E-09 xmixo =0.100E-01
 iter =845 dvmax =0.504E-09 xmixo =0.100E-01
 iter =846 dvmax =0.417E-09 xmixo =0.100E-01
 iter =847 dvmax =0.271E-09 xmixo =0.100E-01
 iter =848 dvmax =0.186E-09 xmixo =0.100E-01
 iter =849 dvmax =0.433E-09 xmixo =0.100E-01
 iter =850 dvmax =0.296E-09 xmixo =0.100E-01
 iter =851 dvmax =0.298E-09 xmixo =0.100E-01
 iter =852 dvmax =0.225E-09 xmixo =0.100E-01
 iter =853 dvmax =0.223E-09 xmixo =0.100E-01
 iter =854 dvmax =0.539E-09 xmixo =0.100E-01
 iter =855 dvmax =0.193E-09 xmixo =0.100E-01
 iter =856 dvmax =0.483E-09 xmixo =0.100E-01
 iter =857 dvmax =0.449E-09 xmixo =0.100E-01
 iter =858 dvmax =0.404E-09 xmixo =0.100E-01
 iter =859 dvmax =0.400E-09 xmixo =0.100E-01
 iter =860 dvmax =0.396E-09 xmixo =0.100E-01
 iter =861 dvmax =0.238E-09 xmixo =0.100E-01
 iter =862 dvmax =0.390E-09 xmixo =0.100E-01
 iter =863 dvmax =0.386E-09 xmixo =0.100E-01
 iter =864 dvmax =0.468E-09 xmixo =0.100E-01
 iter =865 dvmax =0.225E-09 xmixo =0.100E-01
 iter =866 dvmax =0.264E-09 xmixo =0.100E-01
 iter =867 dvmax =0.262E-09 xmixo =0.100E-01
 iter =868 dvmax =0.917E-10 xmixo =0.100E-01
 iter =869 dvmax =0.375E-09 xmixo =0.100E-01
 iter =870 dvmax =0.304E-09 xmixo =0.100E-01
 iter =871 dvmax =0.225E-09 xmixo =0.100E-01
 iter =872 dvmax =0.272E-09 xmixo =0.100E-01
 iter =873 dvmax =0.475E-09 xmixo =0.100E-01
 iter =874 dvmax =0.284E-09 xmixo =0.100E-01
 iter =875 dvmax =0.195E-09 xmixo =0.100E-01
 iter =876 dvmax =0.146E-09 xmixo =0.100E-01
 iter =877 dvmax =0.212E-09 xmixo =0.100E-01
 iter =878 dvmax =0.760E-09 xmixo =0.100E-01
 iter =879 dvmax =0.246E-09 xmixo =0.100E-01
 iter =880 dvmax =0.231E-09 xmixo =0.100E-01
 iter =881 dvmax =0.128E-09 xmixo =0.100E-01
 iter =882 dvmax =0.550E-09 xmixo =0.100E-01
 iter =883 dvmax =0.478E-09 xmixo =0.100E-01
 iter =884 dvmax =0.336E-09 xmixo =0.100E-01
 iter =885 dvmax =0.191E-09 xmixo =0.100E-01
 iter =886 dvmax =0.253E-09 xmixo =0.100E-01
 iter =887 dvmax =0.376E-09 xmixo =0.100E-01
 iter =888 dvmax =0.378E-09 xmixo =0.100E-01
 iter =889 dvmax =0.233E-09 xmixo =0.100E-01
 iter =890 dvmax =0.372E-09 xmixo =0.100E-01
 iter =891 dvmax =0.829E-10 xmixo =0.100E-01
 iter =892 dvmax =0.141E-09 xmixo =0.100E-01
 iter =893 dvmax =0.454E-09 xmixo =0.100E-01
 iter =894 dvmax =0.360E-09 xmixo =0.100E-01
 iter =895 dvmax =0.231E-09 xmixo =0.100E-01
 iter =896 dvmax =0.352E-09 xmixo =0.100E-01
 iter =897 dvmax =0.634E-09 xmixo =0.100E-01
 iter =898 dvmax =0.136E-09 xmixo =0.100E-01
 iter =899 dvmax =0.184E-09 xmixo =0.100E-01
 iter =900 dvmax =0.188E-09 xmixo =0.100E-01
 iter =901 dvmax =0.181E-09 xmixo =0.100E-01
 iter =902 dvmax =0.259E-09 xmixo =0.100E-01
 iter =903 dvmax =0.309E-09 xmixo =0.100E-01
 iter =904 dvmax =0.269E-09 xmixo =0.100E-01
 iter =905 dvmax =0.411E-09 xmixo =0.100E-01
 iter =906 dvmax =0.375E-09 xmixo =0.100E-01
 iter =907 dvmax =0.219E-09 xmixo =0.100E-01
 iter =908 dvmax =0.190E-09 xmixo =0.100E-01
 iter =909 dvmax =0.345E-09 xmixo =0.100E-01
 iter =910 dvmax =0.732E-10 xmixo =0.100E-01
 iter =911 dvmax =0.261E-09 xmixo =0.100E-01
 iter =912 dvmax =0.362E-09 xmixo =0.100E-01
 iter =913 dvmax =0.257E-09 xmixo =0.100E-01
 iter =914 dvmax =0.126E-09 xmixo =0.100E-01
 iter =915 dvmax =0.625E-09 xmixo =0.100E-01
 iter =916 dvmax =0.758E-10 xmixo =0.100E-01
 iter =917 dvmax =0.454E-09 xmixo =0.100E-01
 iter =918 dvmax =0.125E-09 xmixo =0.100E-01
 iter =919 dvmax =0.579E-09 xmixo =0.100E-01
 iter =920 dvmax =0.454E-09 xmixo =0.100E-01
 iter =921 dvmax =0.570E-09 xmixo =0.100E-01
 iter =922 dvmax =0.241E-09 xmixo =0.100E-01
 iter =923 dvmax =0.104E-09 xmixo =0.100E-01
 iter =924 dvmax =0.533E-09 xmixo =0.100E-01
 iter =925 dvmax =0.328E-09 xmixo =0.100E-01
 iter =926 dvmax =0.183E-09 xmixo =0.100E-01
 iter =927 dvmax =0.278E-09 xmixo =0.100E-01
 iter =928 dvmax =0.650E-09 xmixo =0.100E-01
 iter =929 dvmax =0.569E-09 xmixo =0.100E-01
 iter =930 dvmax =0.471E-09 xmixo =0.100E-01
 iter =931 dvmax =0.224E-09 xmixo =0.100E-01
 iter =932 dvmax =0.443E-09 xmixo =0.100E-01
 iter =933 dvmax =0.168E-09 xmixo =0.100E-01
 iter =934 dvmax =0.371E-09 xmixo =0.100E-01
 iter =935 dvmax =0.287E-09 xmixo =0.100E-01
 iter =936 dvmax =0.221E-09 xmixo =0.100E-01
 iter =937 dvmax =0.195E-09 xmixo =0.100E-01
 iter =938 dvmax =0.430E-09 xmixo =0.100E-01
 iter =939 dvmax =0.247E-09 xmixo =0.100E-01
 iter =940 dvmax =0.334E-09 xmixo =0.100E-01
 iter =941 dvmax =0.414E-09 xmixo =0.100E-01
 iter =942 dvmax =0.754E-10 xmixo =0.100E-01
 iter =943 dvmax =0.391E-09 xmixo =0.100E-01
 iter =944 dvmax =0.786E-10 xmixo =0.100E-01
 iter =945 dvmax =0.407E-09 xmixo =0.100E-01
 iter =946 dvmax =0.819E-10 xmixo =0.100E-01
 iter =947 dvmax =0.340E-09 xmixo =0.100E-01
 iter =948 dvmax =0.425E-09 xmixo =0.100E-01
 iter =949 dvmax =0.349E-09 xmixo =0.100E-01
 iter =950 dvmax =0.284E-09 xmixo =0.100E-01
 iter =951 dvmax =0.128E-09 xmixo =0.100E-01
 iter =952 dvmax =0.577E-09 xmixo =0.100E-01
 iter =953 dvmax =0.290E-09 xmixo =0.100E-01
 iter =954 dvmax =0.361E-09 xmixo =0.100E-01
 iter =955 dvmax =0.445E-09 xmixo =0.100E-01
 iter =956 dvmax =0.645E-09 xmixo =0.100E-01
 iter =957 dvmax =0.284E-09 xmixo =0.100E-01
 iter =958 dvmax =0.472E-09 xmixo =0.100E-01
 iter =959 dvmax =0.192E-09 xmixo =0.100E-01
 iter =960 dvmax =0.125E-09 xmixo =0.100E-01
 iter =961 dvmax =0.377E-09 xmixo =0.100E-01
 iter =962 dvmax =0.494E-09 xmixo =0.100E-01
 iter =963 dvmax =0.172E-09 xmixo =0.100E-01
 iter =964 dvmax =0.495E-09 xmixo =0.100E-01
 iter =965 dvmax =0.462E-09 xmixo =0.100E-01
 iter =966 dvmax =0.491E-09 xmixo =0.100E-01
 iter =967 dvmax =0.449E-09 xmixo =0.100E-01
 iter =968 dvmax =0.491E-09 xmixo =0.100E-01
 iter =969 dvmax =0.270E-09 xmixo =0.100E-01
 iter =970 dvmax =0.327E-09 xmixo =0.100E-01
 iter =971 dvmax =0.318E-09 xmixo =0.100E-01
 iter =972 dvmax =0.327E-09 xmixo =0.100E-01
 iter =973 dvmax =0.356E-09 xmixo =0.100E-01
 iter =974 dvmax =0.546E-09 xmixo =0.100E-01
 iter =975 dvmax =0.161E-09 xmixo =0.100E-01
 iter =976 dvmax =0.179E-09 xmixo =0.100E-01
 iter =977 dvmax =0.362E-09 xmixo =0.100E-01
 iter =978 dvmax =0.389E-09 xmixo =0.100E-01
 iter =979 dvmax =0.536E-09 xmixo =0.100E-01
 iter =980 dvmax =0.157E-09 xmixo =0.100E-01
 iter =981 dvmax =0.289E-09 xmixo =0.100E-01
 iter =982 dvmax =0.317E-09 xmixo =0.100E-01
 iter =983 dvmax =0.879E-10 xmixo =0.100E-01
 iter =984 dvmax =0.420E-09 xmixo =0.100E-01
 iter =985 dvmax =0.218E-09 xmixo =0.100E-01
 iter =986 dvmax =0.426E-09 xmixo =0.100E-01
 iter =987 dvmax =0.168E-09 xmixo =0.100E-01
 iter =988 dvmax =0.162E-09 xmixo =0.100E-01
 iter =989 dvmax =0.202E-09 xmixo =0.100E-01
 iter =990 dvmax =0.372E-09 xmixo =0.100E-01
 iter =991 dvmax =0.309E-09 xmixo =0.100E-01
 iter =992 dvmax =0.254E-09 xmixo =0.100E-01
 iter =993 dvmax =0.635E-09 xmixo =0.100E-01
 iter =994 dvmax =0.274E-09 xmixo =0.100E-01
 iter =995 dvmax =0.366E-09 xmixo =0.100E-01
 iter =996 dvmax =0.253E-09 xmixo =0.100E-01
 iter =997 dvmax =0.362E-09 xmixo =0.100E-01
 iter =998 dvmax =0.247E-09 xmixo =0.100E-01
 iter =999 dvmax =0.366E-09 xmixo =0.100E-01
 
 rcov         =  2.39999999999999991
 charge(rcov) = int_0^rcov g^2 r^2 dr   +  int_0^infinity f^2 r^2 dr
 dcharge      = int_0^infinity (f^2+g^2) r^4 dr 
 ddcharge     = int_0^infinity (f^2+g^2) r^6 dr 

 nl   s    occ    eigenvalue   charge(rcov)    dcharge    ddcharge
 1s 0.5   2.000-0.4027830E+03 0.1000000E+01 0.29725E-02 0.22743E-04
     r extr       0.03
 2s 0.5   2.000-0.5038429E+02 0.1000000E+01 0.51985E-01 0.46909E-02
     r extr       0.02   0.18
 2p-0.5   2.000-0.4482363E+02 0.1000000E+01 0.40337E-01 0.32922E-02
     r extr       0.14
 2p 0.5   4.000-0.4365134E+02 0.1000000E+01 0.41828E-01 0.35153E-02
     r extr       0.14
 3s 0.5   2.000-0.6162611E+01 0.9999920E+00 0.44978E+00 0.32717E+00
     r extr       0.02   0.14   0.54
 3p-0.5   2.000-0.4330444E+01 0.9999560E+00 0.48248E+00 0.40589E+00
     r extr       0.11   0.54
 3p 0.5   4.000-0.4172900E+01 0.9999441E+00 0.49879E+00 0.43406E+00
     r extr       0.11   0.55
 3d-0.5   4.000-0.1070636E+01 0.9966272E+00 0.69258E+00 0.11977E+01
     r extr       0.50
 3d 0.5   6.000-0.1049117E+01 0.9964155E+00 0.70316E+00 0.12370E+01
     r extr       0.50
 4s 0.5   2.000-0.4146215E+00 0.6944116E+00 0.51235E+01 0.44401E+02
     r extr       0.02   0.14   0.47   1.73
 5s 0.5   0.000 0.3333589E-01 0.5331281E-01 0.41296E+02 0.24100E+04
     r extr       0.02   0.14   0.46   1.49   5.58
 6s 0.5   0.000 0.1542229E+00 0.3365745E-01 0.97855E+02 0.12892E+05
     r extr       0.02   0.14   0.46   1.46   4.40  10.31
 7s 0.5   0.000 0.2582587E+00 0.2953490E-01 0.14899E+03 0.30773E+05
     r extr       0.02   0.14   0.46   1.43   4.00   8.08  13.82
 4p-0.5   0.667-0.1277755E+00 0.4246716E+00 0.93438E+01 0.16130E+03
     r extr       0.11   0.46   2.17
 4p 0.5   1.333-0.1205992E+00 0.4067749E+00 0.97048E+01 0.17358E+03
     r extr       0.11   0.47   2.21
 5p-0.5   0.000 0.8719698E-01 0.6982401E-01 0.58877E+02 0.47434E+04
     r extr       0.11   0.46   1.84   7.07
 5p 0.5   0.000 0.8867674E-01 0.7040781E-01 0.59625E+02 0.48604E+04
     r extr       0.11   0.47   1.87   7.14
 6p-0.5   0.000 0.1926464E+00 0.5509687E-01 0.11171E+03 0.17209E+05
     r extr       0.11   0.46   1.76   5.40  11.50
 6p 0.5   0.000 0.1939397E+00 0.5584729E-01 0.11230E+03 0.17404E+05
     r extr       0.11   0.47   1.79   5.45  11.54
 7p-0.5   0.000 0.2917455E+00 0.4694373E-01 0.16417E+03 0.37838E+05
     r extr       0.11   0.46   1.70   4.78   9.03  14.70
 7p 0.5   0.000 0.2929531E+00 0.4758937E-01 0.16489E+03 0.38173E+05
     r extr       0.11   0.47   1.72   4.83   9.07  14.80
 4d-0.5   0.000 0.9483257E-01 0.1979055E-01 0.46050E+02 0.31596E+04
     r extr       0.45   5.80
 4d 0.5   0.000 0.9493935E-01 0.1951748E-01 0.46145E+02 0.31700E+04
     r extr       0.45   5.81
 5d-0.5   0.000 0.1835559E+00 0.2961154E-01 0.94401E+02 0.13043E+05
     r extr       0.45   3.88  10.66
 5d 0.5   0.000 0.1837120E+00 0.2923705E-01 0.94519E+02 0.13070E+05
     r extr       0.45   3.88  10.66
 6d-0.5   0.000 0.2739657E+00 0.3656089E-01 0.14109E+03 0.29427E+05
     r extr       0.44   3.23   7.96  13.91
 6d 0.5   0.000 0.2741552E+00 0.3614512E-01 0.14124E+03 0.29481E+05
     r extr       0.45   3.24   7.97  13.92
 4f-0.5   0.000 0.1666647E+00 0.5020819E-03 0.83230E+02 0.88485E+04
     r extr       8.49
 4f 0.5   0.000 0.1666652E+00 0.5020169E-03 0.83230E+02 0.88485E+04
     r extr       8.49
 5f-0.5   0.000 0.2532871E+00 0.1712427E-02 0.12618E+03 0.22645E+05
     r extr       5.97  12.76
 5f 0.5   0.000 0.2532877E+00 0.1712175E-02 0.12618E+03 0.22645E+05
     r extr       5.97  12.76
 
 Ge output data for orbitals
 ---------------------------

 nl    s      occ         eigenvalue    kinetic energy      pot energy

 1s   0.5    2.0000    -402.78296874       0.00000000   -1036.32405643
 2s   0.5    2.0000     -50.38428885       0.00000000    -228.75707797
 2p  -0.5    2.0000     -44.82363355       0.00000000    -227.58633762
 2p   0.5    4.0000     -43.65133591       0.00000000    -221.37082690
 3s   0.5    2.0000      -6.16261100       0.00000000     -73.36108653
 3p  -0.5    2.0000      -4.33044434       0.00000000     -69.29730221
 3p   0.5    4.0000      -4.17290038       0.00000000     -67.79336063
 3d  -0.5    4.0000      -1.07063639       0.00000000     -57.21497189
 3d   0.5    6.0000      -1.04911735       0.00000000     -56.79835004
 4s   0.5    2.0000      -0.41462146       0.00000000     -20.00937187
 5s   0.5    0.0000       0.03333589       0.00000000      -6.65315513
 6s   0.5    0.0000       0.15422293       0.00000000      -4.70081902
 7s   0.5    0.0000       0.25825873       0.00000000      -4.07726756
 4p  -0.5    0.6667      -0.12777545       0.00000000     -14.92045668
 4p   0.5    1.3333      -0.12059916       0.00000000     -14.60917146
 5p  -0.5    0.0000       0.08719698       0.00000000      -5.80363477
 5p   0.5    0.0000       0.08867674       0.00000000      -5.77909629
 6p  -0.5    0.0000       0.19264636       0.00000000      -4.65891722
 6p   0.5    0.0000       0.19393970       0.00000000      -4.65168107
 7p  -0.5    0.0000       0.29174552       0.00000000      -4.05364394
 7p   0.5    0.0000       0.29295314       0.00000000      -4.04478717
 4d  -0.5    0.0000       0.09483257       0.00000000      -5.90395123
 4d   0.5    0.0000       0.09493935       0.00000000      -5.89617521
 5d  -0.5    0.0000       0.18355595       0.00000000      -4.96325594
 5d   0.5    0.0000       0.18371201       0.00000000      -4.95780397
 6d  -0.5    0.0000       0.27396571       0.00000000      -4.45155163
 6d   0.5    0.0000       0.27415521       0.00000000      -4.44728366
 4f  -0.5    0.0000       0.16666474       0.00000000      -3.86078065
 4f   0.5    0.0000       0.16666525       0.00000000      -3.86076631
 5f  -0.5    0.0000       0.25328713       0.00000000      -3.61143842
 5f   0.5    0.0000       0.25328772       0.00000000      -3.61140816


 total energies
 --------------

 sum of eigenvalues        =    -1219.91731327
 kinetic energy from ek    =        0.00000000
 el-ion interaction energy =    -5066.40306954
 el-el  interaction energy =      903.08783093
 vxc    correction         =     -103.70275740
 exchange + corr energy    =      -79.99364204
 kinetic energy from ev    =     2144.01285181
 potential energy          =    -4243.30888065
 ---------------------------------------------
 total energy              =    -2099.29602884
 Reached end of file atom.dat
