  
        PROGRAM ATOM
        ------------
 reading input file...
  LMAX =           1
  OCCU(           1 ,           0 ) =    2.00000000000000     
  OCCU(           2 ,           0 ) =    2.00000000000000     
  OCCU(           1 ,           1 ) =    4.00000000000000     
  NALPHA(           0 ) =            9
  GAUS(           1 ,           0 ) =    5667.41754965040     
  GAUS(           2 ,           0 ) =    850.954396087300     
  GAUS(           3 ,           0 ) =    193.719643822200     
  GAUS(           4 ,           0 ) =    54.6182828977000     
  GAUS(           5 ,           0 ) =    17.4647993368000     
  GAUS(           6 ,           0 ) =    6.01371214000000     
  GAUS(           7 ,           0 ) =    1.95894028310000     
  GAUS(           8 ,           0 ) =   0.627613798100000     
  GAUS(           9 ,           0 ) =   0.185902778700000     
  ALPP(           1 ,           0 ) =            1
  ALPP(           2 ,           0 ) =            2
  ALPP(           3 ,           0 ) =            3
  ALPP(           4 ,           0 ) =            4
  ALPP(           5 ,           0 ) =            5
  ALPP(           6 ,           0 ) =            6
  ALPP(           7 ,           0 ) =            7
  ALPP(           8 ,           0 ) =            8
  ALPP(           9 ,           0 ) =            9
  NALPHA(           1 ) =            9
  GAUS(           1 ,           1 ) =    5667.41754965040     
  GAUS(           2 ,           1 ) =    850.954396087300     
  GAUS(           3 ,           1 ) =    193.719643822200     
  GAUS(           4 ,           1 ) =    54.6182828977000     
  GAUS(           5 ,           1 ) =    17.4647993368000     
  GAUS(           6 ,           1 ) =    6.01371214000000     
  GAUS(           7 ,           1 ) =    1.95894028310000     
  GAUS(           8 ,           1 ) =   0.627613798100000     
  GAUS(           9 ,           1 ) =   0.185902778700000     
  ALPP(           1 ,           1 ) =            1
  ALPP(           2 ,           1 ) =            2
  ALPP(           3 ,           1 ) =            3
  ALPP(           4 ,           1 ) =            4
  ALPP(           5 ,           1 ) =            5
  ALPP(           6 ,           1 ) =            6
  ALPP(           7 ,           1 ) =            7
  ALPP(           8 ,           1 ) =            8
  ALPP(           9 ,           1 ) =            9
 Zval =    8.00000000000000     
 finished reading input file.
  
  
 Basis Optimization for atom O 
  
 Allelectron calculation with   8.00 electrons.
 Nuclear charge is   8.0 .
  
 The exchange correlation functional is LDA .
  
  
   100 points

r(1) =       0.000000007128
r(n) =      27.592628200894
     1         8.00000000000003  -3.020E-14       -66.19965564948313
     2         8.00000000000002  -2.487E-14       -70.91368051871092
     3         8.00000000000003  -3.020E-14       -73.60526044040938
     4         8.00000000000003  -3.020E-14       -74.30262258136061
     5         8.00000000000003  -2.665E-14       -74.46344687364297
     6         8.00000000000004  -3.553E-14       -74.46353960772819
     7         8.00000000000003  -3.020E-14       -74.46354205968454
     8         8.00000000000003  -2.665E-14       -74.46354206582568
     9         8.00000000000003  -3.020E-14       -74.46354206584155
    10         8.00000000000003  -3.020E-14       -74.46354206584162
    11         8.00000000000003  -3.020E-14       -74.46354206584154
    12         8.00000000000003  -3.375E-14       -74.46354206584166
    13         8.00000000000003  -2.842E-14       -74.46354206584155
    14         8.00000000000003  -3.020E-14       -74.46354206584159
    15         8.00000000000003  -3.020E-14       -74.46354206584162
    16         8.00000000000003  -3.197E-14       -74.46354206584158
    17         8.00000000000002  -2.309E-14       -74.46354206584157
    18         8.00000000000003  -3.197E-14       -74.46354206584159
    19         8.00000000000003  -2.665E-14       -74.46354206584151
    20         8.00000000000003  -3.020E-14       -74.46354206584159
    21         8.00000000000003  -3.375E-14       -74.46354206584166
    22         8.00000000000003  -2.665E-14       -74.46354206584166
   scf-loop:           22  steps        E=  -74.4635420658417     
 initializing Hessian as diagonal matrix...
 gradient converged !
 checking Hessian:
                               Final total energy:  E=  -74.4635420658417     
  
 Final total energy is:    -74.4635420658417     
   100 points

r(1) =       0.000000007128
r(n) =      27.592628200894
     1         8.00000000000003  -2.665E-14       -74.46354206584166
     2         8.00000000000002  -2.487E-14       -74.46354206584154
     3         8.00000000000003  -3.020E-14       -74.46354206584166
     4         8.00000000000003  -3.020E-14       -74.46354206584159
     5         8.00000000000003  -2.665E-14       -74.46354206584157
     6         8.00000000000002  -2.309E-14       -74.46354206584159
     7         8.00000000000003  -2.665E-14       -74.46354206584152
     8         8.00000000000002  -2.309E-14       -74.46354206584158
     9         8.00000000000003  -3.197E-14       -74.46354206584169
    10         8.00000000000003  -2.665E-14       -74.46354206584152
    11         8.00000000000003  -3.375E-14       -74.46354206584165
    12         8.00000000000003  -2.842E-14       -74.46354206584161
    13         8.00000000000003  -2.665E-14       -74.46354206584157
    14         8.00000000000003  -3.020E-14       -74.46354206584152
    15         8.00000000000003  -3.020E-14       -74.46354206584158
    16         8.00000000000003  -2.842E-14       -74.46354206584162
    17         8.00000000000002  -2.309E-14       -74.46354206584161
    18         8.00000000000002  -2.132E-14       -74.46354206584155
    19         8.00000000000002  -2.487E-14       -74.46354206584158
    20         8.00000000000003  -3.197E-14       -74.46354206584162
    21         8.00000000000003  -3.375E-14       -74.46354206584161
    22         8.00000000000003  -3.020E-14       -74.46354206584162
    23         8.00000000000003  -3.197E-14       -74.46354206584166
    24         8.00000000000003  -3.020E-14       -74.46354206584161
    25         8.00000000000003  -2.665E-14       -74.46354206584158
    26         8.00000000000002  -2.487E-14       -74.46354206584155
    27         8.00000000000003  -3.197E-14       -74.46354206584166
    28         8.00000000000003  -3.020E-14       -74.46354206584164
    29         8.00000000000003  -3.375E-14       -74.46354206584162
    30         8.00000000000002  -2.487E-14       -74.46354206584159
    31         8.00000000000003  -2.665E-14       -74.46354206584161
    32         8.00000000000003  -3.020E-14       -74.46354206584164
    33         8.00000000000003  -2.842E-14       -74.46354206584164
   scf-loop:           33  steps        E=  -74.4635420658416     
 gradient test:
  
 energies:    etot =  -74.4635420658416     
              esum =  -74.4635420658416     
              ekin =   74.1091740543895     
              epot =  -177.159800743483     
              epadd=  0.000000000000000E+000
              exc  =  -7.77020131746388     
              ecoul=   36.3572859407154     
  
 gradients:
 l=           0   i=           1  analytical/numerical
  
  g_ekin =    -0.00001     -0.00001
  g_epot =     0.00001      0.00001
  g_epadd=     0.00000      0.00000
  g_exc  =     0.00000      0.00000
  g_ecoul=     0.00000      0.00000
  g_const=     0.00000      0.00000
  g_etot =     0.00000      0.00000
  
 gradients:
 l=           0   i=           2  analytical/numerical
  
  g_ekin =    -0.00027     -0.00027
  g_epot =     0.00058      0.00058
  g_epadd=     0.00000      0.00000
  g_exc  =     0.00004      0.00004
  g_ecoul=    -0.00019     -0.00019
  g_const=    -0.00016      0.00000
  g_etot =     0.00016      0.00016
  
 gradients:
 l=           0   i=           3  analytical/numerical
  
  g_ekin =     0.00762      0.00762
  g_epot =     0.00315      0.00315
  g_epadd=     0.00000      0.00000
  g_exc  =     0.00106      0.00106
  g_ecoul=    -0.00583     -0.00583
  g_const=    -0.00600      0.00000
  g_etot =     0.00600      0.00600
  
 gradients:
 l=           0   i=           4  analytical/numerical
  
  g_ekin =     0.24733      0.24733
  g_epot =    -0.14020     -0.14020
  g_epadd=     0.00000      0.00000
  g_exc  =     0.00265      0.00265
  g_ecoul=    -0.04205     -0.04205
  g_const=    -0.06773      0.00000
  g_etot =     0.06772      0.06772
  
 gradients:
 l=           0   i=           5  analytical/numerical
  
  g_ekin =     1.78382      1.78382
  g_epot =    -1.84359     -1.84359
  g_epadd=     0.00000      0.00000
  g_exc  =    -0.06777     -0.06777
  g_ecoul=     0.18661      0.18661
  g_const=    -0.05893      0.00000
  g_etot =     0.05906      0.05906
  
 gradients:
 l=           0   i=           6  analytical/numerical
  
  g_ekin =     2.90690      2.90690
  g_epot =    -4.98662     -4.98662
  g_epadd=     0.00000      0.00000
  g_exc  =    -0.25461     -0.25461
  g_ecoul=     1.40553      1.40553
  g_const=     0.92744      0.00000
  g_etot =    -0.92880     -0.92880
  
 gradients:
 l=           0   i=           7  analytical/numerical
  
  g_ekin =    -0.19463     -0.19463
  g_epot =     0.50638      0.50638
  g_epadd=     0.00000      0.00000
  g_exc  =     0.06715      0.06715
  g_ecoul=    -0.64913     -0.64913
  g_const=     0.27147      0.00000
  g_etot =    -0.27023     -0.27023
  
 gradients:
 l=           0   i=           8  analytical/numerical
  
  g_ekin =     0.87316      0.87316
  g_epot =    -0.88211     -0.88211
  g_epadd=     0.00000      0.00000
  g_exc  =    -0.10237     -0.10237
  g_ecoul=     0.60361      0.60361
  g_const=    -0.48850      0.00000
  g_etot =     0.49229      0.49229
  
 gradients:
 l=           0   i=           9  analytical/numerical
  
  g_ekin =     2.03565      2.03565
  g_epot =   -13.95244    -13.95244
  g_epadd=     0.00000      0.00000
  g_exc  =    -1.31912     -1.31912
  g_ecoul=    11.96133     11.96133
  g_const=     1.24763      0.00000
  g_etot =    -1.27458     -1.27458
  
 gradients:
 l=           1   i=           1  analytical/numerical
  
  g_ekin =     0.00000      0.00000
  g_epot =     0.00000      0.00000
  g_epadd=     0.00000      0.00000
  g_exc  =     0.00000      0.00000
  g_ecoul=     0.00000      0.00000
  g_const=     0.00000      0.00000
  g_etot =     0.00000      0.00000
  
 gradients:
 l=           1   i=           2  analytical/numerical
  
  g_ekin =     0.00000      0.00000
  g_epot =     0.00000      0.00000
  g_epadd=     0.00000      0.00000
  g_exc  =     0.00000      0.00000
  g_ecoul=     0.00000      0.00000
  g_const=     0.00000      0.00000
  g_etot =     0.00000      0.00000
  
 gradients:
 l=           1   i=           3  analytical/numerical
  
  g_ekin =    -0.00003     -0.00003
  g_epot =     0.00004      0.00004
  g_epadd=     0.00000      0.00000
  g_exc  =     0.00000      0.00000
  g_ecoul=    -0.00001     -0.00001
  g_const=     0.00000      0.00000
  g_etot =     0.00000      0.00000
  
 gradients:
 l=           1   i=           4  analytical/numerical
  
  g_ekin =    -0.00095     -0.00095
  g_epot =     0.00188      0.00188
  g_epadd=     0.00000      0.00000
  g_exc  =     0.00013      0.00013
  g_ecoul=    -0.00102     -0.00102
  g_const=    -0.00003      0.00000
  g_etot =     0.00004      0.00004
  
 gradients:
 l=           1   i=           5  analytical/numerical
  
  g_ekin =    -0.00704     -0.00704
  g_epot =     0.02991      0.02991
  g_epadd=     0.00000      0.00000
  g_exc  =     0.00214      0.00214
  g_ecoul=    -0.02430     -0.02430
  g_const=    -0.00085      0.00000
  g_etot =     0.00071      0.00071
  
 gradients:
 l=           1   i=           6  analytical/numerical
  
  g_ekin =     0.09743      0.09743
  g_epot =     0.18258      0.18258
  g_epadd=     0.00000      0.00000
  g_exc  =     0.02691      0.02691
  g_ecoul=    -0.29050     -0.29050
  g_const=    -0.01506      0.00000
  g_etot =     0.01641      0.01641
  
 gradients:
 l=           1   i=           7  analytical/numerical
  
  g_ekin =     1.98074      1.98074
  g_epot =    -1.52687     -1.52687
  g_epadd=     0.00000      0.00000
  g_exc  =     0.00581      0.00581
  g_ecoul=    -0.36070     -0.36070
  g_const=    -0.10022      0.00000
  g_etot =     0.09898      0.09898
  
 gradients:
 l=           1   i=           8  analytical/numerical
  
  g_ekin =     7.28882      7.28882
  g_epot =   -16.02801    -16.02801
  g_epadd=     0.00000      0.00000
  g_exc  =    -1.32576     -1.32576
  g_ecoul=     9.98287      9.98287
  g_const=     0.07828      0.00000
  g_etot =    -0.08208     -0.08208
  
 gradients:
 l=           1   i=           9  analytical/numerical
  
  g_ekin =     7.38709      7.38709
  g_epot =   -34.59119    -34.59119
  g_epadd=     0.00000      0.00000
  g_exc  =    -3.17838     -3.17838
  g_ecoul=    29.04325     29.04325
  g_const=     1.36618      0.00000
  g_etot =    -1.33923     -1.33923
  
  
  
  
 Final results:
  
                Total energy=  -74.46354206584166
  
    Kohn-Sham EV:
      l=           0           l=           1      
  -18.75265848835922   -0.33454756443630
   -0.86734469571475    0.40906445358499
    0.36682723118328    2.60855474942879
    3.80988017208404   11.16720294098259
   20.80055073617613   41.61772024884479
   91.70006922960795  148.42313760945581
  381.29354447494683  557.01846799493069
 1735.69994257566691 2442.05993370786609
10734.7571164727651215338.05947249188830
  
 Exponents for l=           0 :
  
 5667.41754965040036  850.95439608729998  193.71964382219997   54.61828289770000   17.46479933680000    6.01371214000000    1.95894028310000    0.62761379810000    0.18590277870000
  
 Coefficients:
  
   -0.00174397833391   -0.01334832545418   -0.06565870231187   -0.22189752681673   -0.45449041643002   -0.36332440148066   -0.03731829713210    0.00165664323080   -0.00020775192868
   -0.00040942252783   -0.00316656389904   -0.01583739518962   -0.05827647145977   -0.14479858352591   -0.19061213225177    0.17671049179601    0.69256710058182    0.29544346657216
  
 Gradients for l=           0 :
  
    0.00000000093779   -0.00000000837849    0.00000028983674   -0.00001030472781    0.00013357174913   -0.00135463082107    0.00123538734872    0.00379437884094   -0.02695018482940
  
  
 Exponents for l=           1 :
  
 5667.41754965040036  850.95439608729998  193.71964382219997   54.61828289770000   17.46479933680000    6.01371214000000    1.95894028310000    0.62761379810000    0.18590277870000
  
 Coefficients:
  
    0.00000316618448    0.00007734215783    0.00071790590278    0.00586389301017    0.02837503246223    0.12076918551144    0.33377579679199    0.46143726671998    0.32207509928628
  
 Gradients for l=           1 :
  
   -0.00000000000369    0.00000000889564   -0.00000028910241    0.00001030474825   -0.00013357132993    0.00135463230762   -0.00123538924827   -0.00379437020012    0.02695018246849
  
  
  
  
 created file "atom.output".
 created file "atom.s1".
 created file "atom.sorbits".
 created file "atom.chi_s".
 created file "atom.chi_s".
 created file "atom.chi_s".
 created file "atom.porbits".
 created file "atom.chi_p".
 
 
 QUICKSTEP input: 
  
 &O_8el_LDA
 # Info: 
 # Optimized basis for O 
 # Nuclear charge is   8.0 .
 # Allelectron calculation with   8.00 electrons
 # XC functional is LDA
 # Kohn-Sham energy is  -74.463542 Hartree
 # 
 # 
 # 
 # 
 &POTENTIAL
       8       8           Z    Zeff
    GOEDECKER    LDA
       1                LMAX
   0.000000000            RC
       0     #C  
   0.000000000   0     RS  #PRJ  H(S)    
 &END
  
 &BASIS
  O_8el_LDA_(4SP/9)_f 
   EXP S 5667.417549650400  850.954396087300  193.719643822200   54.618282897700   17.464799336800    6.013712140000    1.958940283100    0.627613798100    0.185902778700
   CS1     -0.001743978334   -0.013348325454   -0.065658702312   -0.221897526817   -0.454490416430   -0.363324401481   -0.037318297132    0.001656643231   -0.000207751929
   CS2     -0.000409422528   -0.003166563899   -0.015837395190   -0.058276471460   -0.144798583526   -0.190612132252    0.176710491796    0.692567100582    0.295443466572
   CS3     -0.000266142833   -0.001857920708   -0.010831016563   -0.031896488534   -0.113371295854   -0.055678386729   -0.112204276129    1.523500243422   -1.607107731938
   EXP P 5667.417549650400  850.954396087300  193.719643822200   54.618282897700   17.464799336800    6.013712140000    1.958940283100    0.627613798100    0.185902778700
   CP1      0.000003166184    0.000077342158    0.000717905903    0.005863893010    0.028375032462    0.120769185511    0.333775796792    0.461437266720    0.322075099286
   CP2     -0.000000436297   -0.000082992105   -0.000294620573   -0.005480427906   -0.014713018682   -0.110285693639   -0.172599203766   -0.693126641306    1.195899027483
  O_8el_LDA_[1D/9]_f 
   EXP   5667.417549650400  850.954396087300  193.719643822200   54.618282897700   17.464799336800    6.013712140000    1.958940283100    0.627613798100    0.185902778700
   CD1     -0.000000436297   -0.000082992105   -0.000294620573   -0.005480427906   -0.014713018682   -0.110285693639   -0.172599203766   -0.693126641306    1.195899027483
 &END
  
 rhotot =   8.00000000000003     
 created file "atom.densities".
  
 ATOM finished.
