  
        PROGRAM ATOM
        ------------
 reading input file...
  RPRB =   2.75900000000000     
  LMAX =           1
  OCCU(           1 ,           0 ) =    2.00000000000000     
  OCCU(           1 ,           1 ) =    4.00000000000000     
  NALPHA(           0 ) =            4
  GAUS(           1 ,           0 ) =    8.48558542230000     
  GAUS(           2 ,           0 ) =    2.56422008010000     
  GAUS(           3 ,           0 ) =   0.806565814700000     
  GAUS(           4 ,           0 ) =   0.236848389200000     
  ALPP(           1 ,           0 ) =            1
  ALPP(           2 ,           0 ) =            2
  ALPP(           3 ,           0 ) =            3
  ALPP(           4 ,           0 ) =            4
  NALPHA(           1 ) =            4
  GAUS(           1 ,           1 ) =    8.48558542230000     
  GAUS(           2 ,           1 ) =    2.56422008010000     
  GAUS(           3 ,           1 ) =   0.806565814700000     
  GAUS(           4 ,           1 ) =   0.236848389200000     
  ALPP(           1 ,           1 ) =            1
  ALPP(           2 ,           1 ) =            2
  ALPP(           3 ,           1 ) =            3
  ALPP(           4 ,           1 ) =            4
 Zval =    8.00000000000000     
 finished reading input file.
  
  
 Basis Optimization for atom O 
  
 Pseudopotential calculation with   6.00 valence electrons.
 Goedecker pseudopotential
 Effective core charge is   6.0 .
  
 The exchange correlation functional is LDA .
  
 An additinal parabolic potential corresponding
 to a covalent radius of     1.9509
 Bohr is used.
  
  
   100 points

r(1) =       0.000000007128
r(n) =      27.592628200894
     1         6.00000000000000  -1.776E-15       -13.54300500781153
     2         6.00000000000000  -4.441E-15       -14.43510244630329
     3         6.00000000000000  -4.441E-15       -15.44293686904431
     4         6.00000000000001  -6.217E-15       -15.64049946459262
     5         6.00000000000001  -6.217E-15       -15.64067120232057
     6         6.00000000000001  -5.329E-15       -15.64067123675587
     7         6.00000000000001  -7.994E-15       -15.64067123840383
     8         6.00000000000001  -6.217E-15       -15.64067123840585
     9         6.00000000000001  -7.105E-15       -15.64067123840584
   scf-loop:            9  steps        E=  -15.6406712384058     
 initializing Hessian as diagonal matrix...
           1 New direction:
     800000111
   100 points

r(1) =       0.000000007128
r(n) =      27.592628200894
     1         6.00000009834370  -9.834E-08       -15.64067129033457
     2         5.99999999999999   7.994E-15       -15.64067123840583
     3         5.99999999999999   5.329E-15       -15.64067123840583
   scf-loop:            3  steps        E=  -15.6406712384058     
   100 points

r(1) =       0.000000007128
r(n) =      27.592628200894
     1         5.99999974127062   2.587E-07       -15.64067111626516
     2         6.00000000000000   8.882E-16       -15.64067123840581
     3         6.00000000000000  -8.882E-16       -15.64067123840585
     4         6.00000000000000   0.000E+00       -15.64067123840585
   scf-loop:            4  steps        E=  -15.6406712384058     
   100 points

r(1) =       0.000000007128
r(n) =      27.592628200894
     1         6.00000002223906  -2.224E-08       -15.64067125014881
     2         6.00000000000000   4.441E-15       -15.64067123840583
     3         6.00000000000000   4.441E-15       -15.64067123840583
   scf-loop:            3  steps        E=  -15.6406712384058     
   100 points

r(1) =       0.000000007128
r(n) =      27.592628200894
     1         5.99999991092259   8.908E-08       -15.64067119635428
     2         6.00000000000000   3.553E-15       -15.64067123840583
     3         5.99999999999999   5.329E-15       -15.64067123840584
     4         5.99999999999999   5.329E-15       -15.64067123840584
   scf-loop:            4  steps        E=  -15.6406712384058     
   100 points

r(1) =       0.000000007128
r(n) =      27.592628200894
     1         5.99999995546129   4.454E-08       -15.64067121738005
     2         6.00000000000000   0.000E+00       -15.64067123840584
     3         6.00000000000000  -4.441E-15       -15.64067123840584
   scf-loop:            3  steps        E=  -15.6406712384058     
   100 points

r(1) =       0.000000007128
r(n) =      27.592628200894
     1         5.99999997773064   2.227E-08       -15.64067122789295
     2         5.99999999999999   7.994E-15       -15.64067123840584
     3         5.99999999999999   8.882E-15       -15.64067123840584
   scf-loop:            3  steps        E=  -15.6406712384058     
   100 points

r(1) =       0.000000007128
r(n) =      27.592628200894
     1         5.99999998886537   1.113E-08       -15.64067123314942
     2         6.00000000000000  -2.665E-15       -15.64067123840584
     3         6.00000000000000  -4.441E-15       -15.64067123840584
   scf-loop:            3  steps        E=  -15.6406712384058     
   100 points

r(1) =       0.000000007128
r(n) =      27.592628200894
     1         5.99999997773062   2.227E-08       -15.64067122789294
     2         6.00000000000000   2.665E-15       -15.64067123840584
     3         5.99999999999999   7.105E-15       -15.64067123840584
   scf-loop:            3  steps        E=  -15.6406712384058     
 amin= -3.125000000000000E-003     steps=           0
   100 points

r(1) =       0.000000007128
r(n) =      27.592628200894
     1         6.00000000276593  -2.766E-09       -15.64067123986635
     2         6.00000000000001  -7.994E-15       -15.64067123840585
     3         6.00000000000000  -3.553E-15       -15.64067123840584
   scf-loop:            3  steps        E=  -15.6406712384058     
 matcheck:           1 -2.214767109491214E-004
 Hessian not positive definite !! ...corrected Hessian.
   alpha:  
        8.4855854223        2.5642200803        0.8065658146        0.2368483891
        8.4855854223        2.5642200803        0.8065658146        0.2368483891
   gradient modulus=  3.485242350618961E-007
  
           1                         Etot=  -15.6406712384058     
   
 gradient converged !
 checking Hessian:
                               Final total energy:  E=  -15.6406712384058     
  
 Final total energy is:    -15.6406712384058     
   100 points

r(1) =       0.000000007128
r(n) =      27.592628200894
     1         6.00000000000000  -3.553E-15       -15.64067123840584
     2         6.00000000000001  -7.994E-15       -15.64067123840584
   scf-loop:            2  steps        E=  -15.6406712384058     
 gradient test:
  
 energies:    etot =  -15.6406712384058     
              esum =  -15.6406712384058     
              ekin =   12.0539681126280     
              epot =  -38.4185864851306     
              epadd=  9.509220343636406E-002
              exc  =  -3.19284362283364     
              ecoul=   13.8216985534941     
  
 gradients:
 l=           0   i=           1  analytical/numerical
  
  g_ekin =     0.09041      0.09041
  g_epot =    -0.18444     -0.18444
  g_epadd=     0.00005      0.00005
  g_exc  =    -0.01658     -0.01658
  g_ecoul=     0.09725      0.09725
  g_const=     0.01347      0.00000
  g_etot =    -0.01331     -0.01331
  
 gradients:
 l=           0   i=           2  analytical/numerical
  
  g_ekin =    -0.02642     -0.02642
  g_epot =     0.07510      0.07510
  g_epadd=    -0.00010     -0.00010
  g_exc  =     0.00744      0.00744
  g_ecoul=    -0.04757     -0.04757
  g_const=    -0.00825      0.00000
  g_etot =     0.00845      0.00845
  
 gradients:
 l=           0   i=           3  analytical/numerical
  
  g_ekin =     0.64144      0.64144
  g_epot =     0.53699      0.53699
  g_epadd=    -0.02488     -0.02488
  g_exc  =    -0.03180     -0.03180
  g_ecoul=    -0.66503     -0.66503
  g_const=    -0.45555      0.00000
  g_etot =     0.45672      0.45672
  
 gradients:
 l=           0   i=           4  analytical/numerical
  
  g_ekin =     2.75187      2.75187
  g_epot =   -11.65830    -11.65830
  g_epadd=    -0.03314     -0.03314
  g_exc  =    -1.59964     -1.59964
  g_ecoul=     9.34823      9.34823
  g_const=     1.15796      0.00000
  g_etot =    -1.19099     -1.19099
  
 gradients:
 l=           1   i=           1  analytical/numerical
  
  g_ekin =    -0.02021     -0.02021
  g_epot =     0.14209      0.14209
  g_epadd=    -0.00011     -0.00011
  g_exc  =     0.02430      0.02430
  g_ecoul=    -0.13916     -0.13916
  g_const=    -0.00707      0.00000
  g_etot =     0.00691      0.00691
  
 gradients:
 l=           1   i=           2  analytical/numerical
  
  g_ekin =     1.19927      1.19927
  g_epot =    -0.43503     -0.43503
  g_epadd=    -0.00432     -0.00432
  g_exc  =     0.10536      0.10536
  g_ecoul=    -0.79798     -0.79798
  g_const=    -0.06750      0.00000
  g_etot =     0.06729      0.06729
  
 gradients:
 l=           1   i=           3  analytical/numerical
  
  g_ekin =     6.41747      6.41747
  g_epot =    -9.09923     -9.09923
  g_epadd=    -0.04716     -0.04716
  g_exc  =    -0.82317     -0.82317
  g_ecoul=     3.57860      3.57860
  g_const=    -0.02768      0.00000
  g_etot =     0.02651      0.02651
  
 gradients:
 l=           1   i=           4  analytical/numerical
  
  g_ekin =     8.88978      8.88978
  g_epot =   -27.14698    -27.14698
  g_epadd=    -0.07312     -0.07312
  g_exc  =    -3.27928     -3.27928
  g_ecoul=    20.56420     20.56420
  g_const=     1.07842      0.00000
  g_etot =    -1.04540     -1.04540
  
  
  
  
 Final results:
  
                Total energy=  -15.64067123840584
  
    Kohn-Sham EV:
      l=           0           l=           1      
   -0.82718043473159   -0.28955660440710
    0.63841781081146    0.64098455985216
    5.75582737063583    3.69312210689401
   17.30762591959456   17.28070545984398
  
 Exponents for l=           0 :
  
    8.48558542230000    2.56422008025923    0.80656581460136    0.23684838913951
  
 Coefficients:
  
    0.14603234493680   -0.01767664796631   -0.66975676047942   -0.42357392278161
  
 Gradients for l=           0 :
  
    0.00016439760287    0.00020622823643    0.00117058926876   -0.03302416173823
  
  
 Exponents for l=           1 :
  
    8.48558542230000    2.56422008025923    0.80656581460136    0.23684838913951
  
 Coefficients:
  
   -0.09578057252565   -0.29011712994237   -0.46962058277916   -0.39055647641452
  
 Gradients for l=           1 :
  
   -0.00016439766816   -0.00020622786917   -0.00117058901234    0.03302416028881
  
  
  
  
 created file "atom.output".
 created file "atom.s1".
 created file "atom.sorbits".
 created file "atom.chi_s".
 created file "atom.chi_s".
 created file "atom.chi_s".
 created file "atom.porbits".
 created file "atom.chi_p".
 created file "atom.pspot".
 
 
 QUICKSTEP input: 
  
 &O_6el_LDA
 # Info: 
 # Optimized basis for O 
 # Nuclear charge is   8.0 .
 # Goedecker pseudopotential calculation with   6.00 valence electrons
 # XC functional is LDA
 # Kohn-Sham energy is  -15.640671 Hartree
 # 
 # 
 # 
 # 
 &POTENTIAL
       8       6           Z    Zeff
    GOEDECKER    LDA
       2                LMAX
   0.247620862            RC
       2 -16.580317970   2.395700917     #C  C1  C2  
   0.221786145   1  18.266917180     RS  #PRJ  H(S)  11    
   0.256828896   0     RP  #PRJ  H(P)    
 &END
  
 &BASIS
  O_6el_LDA_(4SP/4)_c 
   EXP S    8.485585422300    2.564220080259    0.806565814601    0.236848389140
   CS1      0.146032344937   -0.017676647966   -0.669756760479   -0.423573922782
   CS2     -0.076690783028   -0.206395115818    1.695155260714   -1.593442068043
   EXP P    8.485585422300    2.564220080259    0.806565814601    0.236848389140
   CP1     -0.095780572526   -0.290117129942   -0.469620582779   -0.390556476415
   CP2     -0.093295624094   -0.186026400546   -0.771766723931    1.182590609021
  O_6el_LDA_[1D/4]_c 
   EXP      8.485585422300    2.564220080259    0.806565814601    0.236848389140
   CD1     -0.093295624094   -0.186026400546   -0.771766723931    1.182590609021
 &END
  
 rhotot =   6.00000000000001     
 created file "atom.densities".
  
 ATOM finished.
