  
        PROGRAM ATOM
        ------------
 reading input file...
  RPRB =   2.50000000000000     
  LMAX =           2
  OCCU(           1 ,           0 ) =    1.00000000000000     
  OCCU(           1 ,           1 ) =   0.000000000000000E+000
  OCCU(           1 ,           2 ) =    10.0000000000000     
  NALPHA(           0 ) =            5
  GAUS(           1 ,           0 ) =    2.46486383190000     
  GAUS(           2 ,           0 ) =    1.31100277560000     
  GAUS(           3 ,           0 ) =   0.607685036600000     
  GAUS(           4 ,           0 ) =   0.253224209600000     
  GAUS(           5 ,           0 ) =   0.102832665600000     
  ALPP(           1 ,           0 ) =            1
  ALPP(           2 ,           0 ) =            2
  ALPP(           3 ,           0 ) =            3
  ALPP(           4 ,           0 ) =            4
  ALPP(           5 ,           0 ) =            5
  NALPHA(           1 ) =            5
  GAUS(           1 ,           1 ) =    2.46486383190000     
  GAUS(           2 ,           1 ) =    1.31100277560000     
  GAUS(           3 ,           1 ) =   0.607685036600000     
  GAUS(           4 ,           1 ) =   0.253224209600000     
  GAUS(           5 ,           1 ) =   0.102832665600000     
  ALPP(           1 ,           1 ) =            1
  ALPP(           2 ,           1 ) =            2
  ALPP(           3 ,           1 ) =            3
  ALPP(           4 ,           1 ) =            4
  ALPP(           5 ,           1 ) =            5
  NALPHA(           2 ) =            5
  GAUS(           1 ,           2 ) =    2.46486383190000     
  GAUS(           2 ,           2 ) =    1.31100277560000     
  GAUS(           3 ,           2 ) =   0.607685036600000     
  GAUS(           4 ,           2 ) =   0.253224209600000     
  GAUS(           5 ,           2 ) =   0.102832665600000     
  ALPP(           1 ,           2 ) =            1
  ALPP(           2 ,           2 ) =            2
  ALPP(           3 ,           2 ) =            3
  ALPP(           4 ,           2 ) =            4
  ALPP(           5 ,           2 ) =            5
 Zval =    47.0000000000000     
 finished reading input file.
  
  
 Basis Optimization for atom AG
  
 Pseudopotential calculation with  11.00 valence electrons.
 Goedecker pseudopotential
 Effective core charge is  11.0 .
  
 The exchange correlation functional is LDA .
  
 An additinal parabolic potential corresponding
 to a covalent radius of     1.7678
 Bohr is used.
  
  
   100 points

r(1) =       0.000000007128
r(n) =      27.592628200894
     1        11.00000000000000   3.553E-15       -29.22717353866250
     2        11.00000000000000   3.553E-15       -25.12206920293814
     3        11.00000000000000   3.553E-15       -34.99745670245186
     4        11.00000000000000   0.000E+00       -35.89600519328154
     5        11.00000000000000  -3.553E-15       -36.16089240292475
     6        10.99999999999999   1.066E-14       -36.29937700347757
     7        10.99999999999999   1.421E-14       -36.34589566634320
     8        10.99999999999999   5.329E-15       -36.40804622635901
     9        10.99999999999999   8.882E-15       -36.41606184865974
    10        10.99999999999999   8.882E-15       -36.41611585123673
    11        11.00000000000000   3.553E-15       -36.41611587631481
    12        11.00000000000001  -5.329E-15       -36.41611587723904
    13        11.00000000000001  -1.243E-14       -36.41611587724722
    14        11.00000000000000  -3.553E-15       -36.41611587724724
    15        11.00000000000000   3.553E-15       -36.41611587724724
   scf-loop:           15  steps        E=  -36.4161158772472     
 initializing Hessian as diagonal matrix...
 gradient converged !
 checking Hessian:
                               Final total energy:  E=  -36.4161158772472     
  
 Final total energy is:    -36.4161158772472     
   100 points

r(1) =       0.000000007128
r(n) =      27.592628200894
     1        11.00000000000000   3.553E-15       -36.41611587724724
     2        10.99999999999999   8.882E-15       -36.41611587724721
     3        11.00000000000000  -1.776E-15       -36.41611587724724
     4        11.00000000000001  -5.329E-15       -36.41611587724721
     5        10.99999999999999   5.329E-15       -36.41611587724724
     6        10.99999999999999   1.066E-14       -36.41611587724721
     7        11.00000000000000   0.000E+00       -36.41611587724724
     8        11.00000000000000   1.776E-15       -36.41611587724723
   scf-loop:            8  steps        E=  -36.4161158772472     
 gradient test:
  
 energies:    etot =  -36.4161158772472     
              esum =  -36.4161158772473     
              ekin =   32.9513170967948     
              epot =  -100.531865506585     
              epadd=  0.413418595194767     
              exc  =  -5.71797088996081     
              ecoul=   36.4689848273092     
  
 gradients:
 l=           0   i=           1  analytical/numerical
  
  g_ekin =     0.00290      0.00290
  g_epot =     0.01458      0.01458
  g_epadd=    -0.00005     -0.00005
  g_exc  =     0.00216      0.00216
  g_ecoul=    -0.01942     -0.01942
  g_const=    -0.00005      0.00000
  g_etot =     0.00017      0.00017
  
 gradients:
 l=           0   i=           2  analytical/numerical
  
  g_ekin =     0.00083      0.00083
  g_epot =    -0.01715     -0.01715
  g_epadd=     0.00009      0.00009
  g_exc  =    -0.00181     -0.00181
  g_ecoul=     0.01801      0.01801
  g_const=     0.00005      0.00000
  g_etot =    -0.00003     -0.00003
  
 gradients:
 l=           0   i=           3  analytical/numerical
  
  g_ekin =     0.41405      0.41405
  g_epot =    -3.36648     -3.36648
  g_epadd=     0.03953      0.03953
  g_exc  =    -0.26622     -0.26622
  g_ecoul=     3.16677      3.16677
  g_const=     0.01097      0.00000
  g_etot =    -0.01235     -0.01235
  
 gradients:
 l=           0   i=           4  analytical/numerical
  
  g_ekin =    -0.43006     -0.43006
  g_epot =     3.68929      3.68929
  g_epadd=    -0.13537     -0.13537
  g_exc  =     0.17836      0.17836
  g_ecoul=    -3.28576     -3.28576
  g_const=    -0.01744      0.00000
  g_etot =     0.01646      0.01646
  
 gradients:
 l=           0   i=           5  analytical/numerical
  
  g_ekin =     0.63094      0.63094
  g_epot =    -5.81636     -5.81636
  g_epadd=    -0.92003     -0.92003
  g_exc  =    -1.30776     -1.30776
  g_ecoul=     7.44113      7.44113
  g_const=    -0.02138      0.00000
  g_etot =     0.02792      0.02792
  
 gradients:
 l=           1   i=           1  analytical/numerical
  
  g_ekin =     0.00000      0.00000
  g_epot =     0.00000      0.00000
  g_epadd=     0.00000      0.00000
  g_exc  =     0.00000      0.00000
  g_ecoul=     0.00000      0.00000
  g_const=     0.00000      0.00000
  g_etot =     0.00000      0.00000
  
 gradients:
 l=           1   i=           2  analytical/numerical
  
  g_ekin =     0.00000      0.00000
  g_epot =     0.00000      0.00000
  g_epadd=     0.00000      0.00000
  g_exc  =     0.00000      0.00000
  g_ecoul=     0.00000      0.00000
  g_const=     0.00000      0.00000
  g_etot =     0.00000      0.00000
  
 gradients:
 l=           1   i=           3  analytical/numerical
  
  g_ekin =     0.00000      0.00000
  g_epot =     0.00000      0.00000
  g_epadd=     0.00000      0.00000
  g_exc  =     0.00000      0.00000
  g_ecoul=     0.00000      0.00000
  g_const=     0.00000      0.00000
  g_etot =     0.00000      0.00000
  
 gradients:
 l=           1   i=           4  analytical/numerical
  
  g_ekin =     0.00000      0.00000
  g_epot =     0.00000      0.00000
  g_epadd=     0.00000      0.00000
  g_exc  =     0.00000      0.00000
  g_ecoul=     0.00000      0.00000
  g_const=     0.00000      0.00000
  g_etot =     0.00000      0.00000
  
 gradients:
 l=           1   i=           5  analytical/numerical
  
  g_ekin =     0.00000      0.00000
  g_epot =     0.00000      0.00000
  g_epadd=     0.00000      0.00000
  g_exc  =     0.00000      0.00000
  g_ecoul=     0.00000      0.00000
  g_const=     0.00000      0.00000
  g_etot =     0.00000      0.00000
  
 gradients:
 l=           2   i=           1  analytical/numerical
  
  g_ekin =     0.14387      0.14387
  g_epot =     4.07494      4.07494
  g_epadd=    -0.02035     -0.02035
  g_exc  =     0.51882      0.51882
  g_ecoul=    -4.59662     -4.59662
  g_const=    -0.12079      0.00000
  g_etot =     0.12066      0.12066
  
 gradients:
 l=           2   i=           2  analytical/numerical
  
  g_ekin =     9.60017      9.60017
  g_epot =    -7.47553     -7.47553
  g_epadd=    -0.08868     -0.08868
  g_exc  =    -0.06189     -0.06189
  g_ecoul=    -1.80574     -1.80574
  g_const=    -0.16834      0.00000
  g_etot =     0.16832      0.16832
  
 gradients:
 l=           2   i=           3  analytical/numerical
  
  g_ekin =    23.79468     23.79468
  g_epot =   -46.05563    -46.05563
  g_epadd=    -0.21010     -0.21010
  g_exc  =    -3.42147     -3.42147
  g_ecoul=    25.59571     25.59571
  g_const=     0.29819      0.00000
  g_etot =    -0.29681     -0.29681
  
 gradients:
 l=           2   i=           4  analytical/numerical
  
  g_ekin =    20.05683     20.05683
  g_epot =   -67.76051    -67.76051
  g_epadd=    -0.10060     -0.10060
  g_exc  =    -5.60301     -5.60301
  g_ecoul=    52.24037     52.24037
  g_const=     1.16791      0.00000
  g_etot =    -1.16692     -1.16692
  
 gradients:
 l=           2   i=           5  analytical/numerical
  
  g_ekin =     2.49410      2.49410
  g_epot =   -14.65542    -14.65542
  g_epadd=     0.10723      0.10723
  g_exc  =    -1.15238     -1.15238
  g_ecoul=    12.79662     12.79662
  g_const=     0.40330      0.00000
  g_etot =    -0.40984     -0.40984
  
  
  
  
 Final results:
  
                Total energy=  -36.41611587724724
  
    Kohn-Sham EV:
      l=           0           l=           1           l=           2      
   -0.01730804197816    0.18919314848308   -0.17077926402296
    0.61690678357091    0.72977340536136    0.46486289790634
    1.31915263755160    1.72261355307224    1.09079478786548
    2.77225246269080    3.36937610059830    3.19541409758008
    7.52140887312702    8.95406032969565    9.85071225346653
  
 Exponents for l=           0 :
  
    2.46486383190000    1.31100277560000    0.60768503660000    0.25322420960000    0.10283266560000
  
 Coefficients:
  
    0.03590416863652   -0.00894223315363   -0.49964371971546    0.32309141578349    0.97864253363169
  
 Gradients for l=           0 :
  
    0.00012225483406    0.00002144721249   -0.00138519245475   -0.00098216099851    0.00654015168329
  
  
 Exponents for l=           1 :
  
    2.46486383190000    1.31100277560000    0.60768503660000    0.25322420960000    0.10283266560000
  
 Coefficients:
  
    0.00493595312020   -0.00107366506894   -0.14096848825610    0.22230233410952    0.88136098370315
  
 Gradients for l=           1 :
  
    0.00000000000000    0.00000000000000    0.00000000000000    0.00000000000000    0.00000000000000
  
  
 Exponents for l=           2 :
  
    2.46486383190000    1.31100277560000    0.60768503660000    0.25322420960000    0.10283266560000
  
 Coefficients:
  
   -0.22559876262633   -0.35505992619741   -0.36256472654702   -0.23955826137419   -0.03740248962184
  
 Gradients for l=           2 :
  
   -0.00012225801725   -0.00002147419727    0.00138511441261    0.00098214634824   -0.00654011161758
  
  
  
  
 created file "atom.output".
 created file "atom.s1".
 created file "atom.sorbits".
 created file "atom.chi_s".
 created file "atom.chi_s".
 created file "atom.chi_s".
 created file "atom.porbits".
 created file "atom.chi_p".
 created file "atom.dorbits".
 created file "atom.pspot".
 
 
 QUICKSTEP input: 
  
 &AG_11el_LDA
 # Info: 
 # Optimized basis for AG
 # Nuclear charge is  47.0 .
 # Goedecker pseudopotential calculation with  11.00 valence electrons
 # XC functional is LDA
 # Kohn-Sham energy is  -36.416116 Hartree
 # 
 # 
 # 
 # 
 &POTENTIAL
      47      11           Z    Zeff
    GOEDECKER    LDA
       3                LMAX
   0.570000000            RC
       1   1.017053238     #C  C1  
   0.498900386   3   2.990284011  -1.515264255   0.538171618   3.912395484  -1.389553142   2.205847229     RS  #PRJ  H(S)  11  12  13  22  23  33  
  
   0.630008528   2   1.813967862  -0.551230720   1.304449967     RP  #PRJ  H(P)  11  12  22  
  
   0.387659547   2  -3.420075732   0.449755023  -1.019948522     RD  #PRJ  H(D)  11  12  22  
  
 &END
  
 &BASIS
  AG_11el_LDA_(4SPD/5)_c 
   EXP S    2.464863831900    1.311002775600    0.607685036600    0.253224209600    0.102832665600
   CS1      0.035904168637   -0.008942233154   -0.499643719715    0.323091415783    0.978642533632
   CS2      0.125398084632   -0.725427597791    2.337902248914   -4.221509552064    2.434328009053
   EXP P    2.464863831900    1.311002775600    0.607685036600    0.253224209600    0.102832665600
   CP1      0.004935953120   -0.001073665069   -0.140968488256    0.222302334110    0.881360983703
   CP2      0.070958336809   -0.312350938060    0.883873965164   -2.384991656084    1.603603616315
   EXP D    2.464863831900    1.311002775600    0.607685036600    0.253224209600    0.102832665600
   CD1     -0.225598762626   -0.355059926197   -0.362564726547   -0.239558261374   -0.037402489622
   CD2     -0.075202353374   -0.150030001044   -0.114889215660   -0.127076170395    1.075435225143
  AG_11el_LDA_[1F/5]_c 
   EXP      2.464863831900    1.311002775600    0.607685036600    0.253224209600    0.102832665600
   CF1     -0.075202353374   -0.150030001044   -0.114889215660   -0.127076170395    1.075435225143
 &END
  
 rhotot =   11.0000000000000     
 created file "atom.densities".
  
 ATOM finished.
